[2022-03-17 12:02:23,218] INFO [Controller id=3] Processing automatic preferred replica leader election (kafka.controller.KafkaController)
[2022-03-17 12:02:23,226] TRACE [Controller id=3] Checking need to trigger auto leader balancing (kafka.controller.KafkaController)
[2022-03-17 12:02:23,226] DEBUG [Controller id=3] Topics not in preferred replica for broker 1 HashMap(with_third_brokers-0 -> List(1, 3, 2), third_topic-2 -> List(1, 2, 3)) (kafka.controller.KafkaController)
[2022-03-17 12:02:23,226] TRACE [Controller id=3] Leader imbalance ratio for broker 1 is 0.09090909090909091 (kafka.controller.KafkaController)
[2022-03-17 12:02:23,226] DEBUG [Controller id=3] Topics not in preferred replica for broker 2 HashMap() (kafka.controller.KafkaController)
[2022-03-17 12:02:23,226] TRACE [Controller id=3] Leader imbalance ratio for broker 2 is 0.0 (kafka.controller.KafkaController)
[2022-03-17 12:02:23,226] DEBUG [Controller id=3] Topics not in preferred replica for broker 3 HashMap() (kafka.controller.KafkaController)
[2022-03-17 12:02:23,226] TRACE [Controller id=3] Leader imbalance ratio for broker 3 is 0.0 (kafka.controller.KafkaController)
[2022-03-17 12:07:23,228] INFO [Controller id=3] Processing automatic preferred replica leader election (kafka.controller.KafkaController)
[2022-03-17 12:07:23,228] TRACE [Controller id=3] Checking need to trigger auto leader balancing (kafka.controller.KafkaController)
[2022-03-17 12:07:23,230] DEBUG [Controller id=3] Topics not in preferred replica for broker 1 HashMap(with_third_brokers-0 -> List(1, 3, 2), third_topic-2 -> List(1, 2, 3)) (kafka.controller.KafkaController)
[2022-03-17 12:07:23,231] TRACE [Controller id=3] Leader imbalance ratio for broker 1 is 0.09090909090909091 (kafka.controller.KafkaController)
[2022-03-17 12:07:23,231] DEBUG [Controller id=3] Topics not in preferred replica for broker 2 HashMap() (kafka.controller.KafkaController)
[2022-03-17 12:07:23,231] TRACE [Controller id=3] Leader imbalance ratio for broker 2 is 0.0 (kafka.controller.KafkaController)
[2022-03-17 12:07:23,231] DEBUG [Controller id=3] Topics not in preferred replica for broker 3 HashMap() (kafka.controller.KafkaController)
[2022-03-17 12:07:23,231] TRACE [Controller id=3] Leader imbalance ratio for broker 3 is 0.0 (kafka.controller.KafkaController)
[2022-03-17 12:12:23,232] INFO [Controller id=3] Processing automatic preferred replica leader election (kafka.controller.KafkaController)
[2022-03-17 12:12:23,235] TRACE [Controller id=3] Checking need to trigger auto leader balancing (kafka.controller.KafkaController)
[2022-03-17 12:12:23,236] DEBUG [Controller id=3] Topics not in preferred replica for broker 1 HashMap(with_third_brokers-0 -> List(1, 3, 2), third_topic-2 -> List(1, 2, 3)) (kafka.controller.KafkaController)
[2022-03-17 12:12:23,236] TRACE [Controller id=3] Leader imbalance ratio for broker 1 is 0.09090909090909091 (kafka.controller.KafkaController)
[2022-03-17 12:12:23,236] DEBUG [Controller id=3] Topics not in preferred replica for broker 2 HashMap() (kafka.controller.KafkaController)
[2022-03-17 12:12:23,236] TRACE [Controller id=3] Leader imbalance ratio for broker 2 is 0.0 (kafka.controller.KafkaController)
[2022-03-17 12:12:23,236] DEBUG [Controller id=3] Topics not in preferred replica for broker 3 HashMap() (kafka.controller.KafkaController)
[2022-03-17 12:12:23,236] TRACE [Controller id=3] Leader imbalance ratio for broker 3 is 0.0 (kafka.controller.KafkaController)
[2022-03-17 12:17:23,236] INFO [Controller id=3] Processing automatic preferred replica leader election (kafka.controller.KafkaController)
[2022-03-17 12:17:23,240] TRACE [Controller id=3] Checking need to trigger auto leader balancing (kafka.controller.KafkaController)
[2022-03-17 12:17:23,240] DEBUG [Controller id=3] Topics not in preferred replica for broker 1 HashMap(with_third_brokers-0 -> List(1, 3, 2), third_topic-2 -> List(1, 2, 3)) (kafka.controller.KafkaController)
[2022-03-17 12:17:23,241] TRACE [Controller id=3] Leader imbalance ratio for broker 1 is 0.09090909090909091 (kafka.controller.KafkaController)
[2022-03-17 12:17:23,241] DEBUG [Controller id=3] Topics not in preferred replica for broker 2 HashMap() (kafka.controller.KafkaController)
[2022-03-17 12:17:23,241] TRACE [Controller id=3] Leader imbalance ratio for broker 2 is 0.0 (kafka.controller.KafkaController)
[2022-03-17 12:17:23,241] DEBUG [Controller id=3] Topics not in preferred replica for broker 3 HashMap() (kafka.controller.KafkaController)
[2022-03-17 12:17:23,241] TRACE [Controller id=3] Leader imbalance ratio for broker 3 is 0.0 (kafka.controller.KafkaController)
[2022-03-17 12:22:23,241] INFO [Controller id=3] Processing automatic preferred replica leader election (kafka.controller.KafkaController)
[2022-03-17 12:22:23,242] TRACE [Controller id=3] Checking need to trigger auto leader balancing (kafka.controller.KafkaController)
[2022-03-17 12:22:23,242] DEBUG [Controller id=3] Topics not in preferred replica for broker 1 HashMap(with_third_brokers-0 -> List(1, 3, 2), third_topic-2 -> List(1, 2, 3)) (kafka.controller.KafkaController)
[2022-03-17 12:22:23,242] TRACE [Controller id=3] Leader imbalance ratio for broker 1 is 0.09090909090909091 (kafka.controller.KafkaController)
[2022-03-17 12:22:23,242] DEBUG [Controller id=3] Topics not in preferred replica for broker 2 HashMap() (kafka.controller.KafkaController)
[2022-03-17 12:22:23,242] TRACE [Controller id=3] Leader imbalance ratio for broker 2 is 0.0 (kafka.controller.KafkaController)
[2022-03-17 12:22:23,242] DEBUG [Controller id=3] Topics not in preferred replica for broker 3 HashMap() (kafka.controller.KafkaController)
[2022-03-17 12:22:23,242] TRACE [Controller id=3] Leader imbalance ratio for broker 3 is 0.0 (kafka.controller.KafkaController)
[2022-03-17 12:27:23,243] INFO [Controller id=3] Processing automatic preferred replica leader election (kafka.controller.KafkaController)
[2022-03-17 12:27:23,243] TRACE [Controller id=3] Checking need to trigger auto leader balancing (kafka.controller.KafkaController)
[2022-03-17 12:27:23,244] DEBUG [Controller id=3] Topics not in preferred replica for broker 1 HashMap(with_third_brokers-0 -> List(1, 3, 2), third_topic-2 -> List(1, 2, 3)) (kafka.controller.KafkaController)
[2022-03-17 12:27:23,251] TRACE [Controller id=3] Leader imbalance ratio for broker 1 is 0.09090909090909091 (kafka.controller.KafkaController)
[2022-03-17 12:27:23,251] DEBUG [Controller id=3] Topics not in preferred replica for broker 2 HashMap() (kafka.controller.KafkaController)
[2022-03-17 12:27:23,251] TRACE [Controller id=3] Leader imbalance ratio for broker 2 is 0.0 (kafka.controller.KafkaController)
[2022-03-17 12:27:23,251] DEBUG [Controller id=3] Topics not in preferred replica for broker 3 HashMap() (kafka.controller.KafkaController)
[2022-03-17 12:27:23,251] TRACE [Controller id=3] Leader imbalance ratio for broker 3 is 0.0 (kafka.controller.KafkaController)
[2022-03-17 12:32:23,251] INFO [Controller id=3] Processing automatic preferred replica leader election (kafka.controller.KafkaController)
[2022-03-17 12:32:23,251] TRACE [Controller id=3] Checking need to trigger auto leader balancing (kafka.controller.KafkaController)
[2022-03-17 12:32:23,252] DEBUG [Controller id=3] Topics not in preferred replica for broker 1 HashMap(with_third_brokers-0 -> List(1, 3, 2), third_topic-2 -> List(1, 2, 3)) (kafka.controller.KafkaController)
[2022-03-17 12:32:23,252] TRACE [Controller id=3] Leader imbalance ratio for broker 1 is 0.09090909090909091 (kafka.controller.KafkaController)
[2022-03-17 12:32:23,252] DEBUG [Controller id=3] Topics not in preferred replica for broker 2 HashMap() (kafka.controller.KafkaController)
[2022-03-17 12:32:23,252] TRACE [Controller id=3] Leader imbalance ratio for broker 2 is 0.0 (kafka.controller.KafkaController)
[2022-03-17 12:32:23,252] DEBUG [Controller id=3] Topics not in preferred replica for broker 3 HashMap() (kafka.controller.KafkaController)
[2022-03-17 12:32:23,252] TRACE [Controller id=3] Leader imbalance ratio for broker 3 is 0.0 (kafka.controller.KafkaController)
[2022-03-17 12:37:23,253] INFO [Controller id=3] Processing automatic preferred replica leader election (kafka.controller.KafkaController)
[2022-03-17 12:37:23,253] TRACE [Controller id=3] Checking need to trigger auto leader balancing (kafka.controller.KafkaController)
[2022-03-17 12:37:23,254] DEBUG [Controller id=3] Topics not in preferred replica for broker 1 HashMap(with_third_brokers-0 -> List(1, 3, 2), third_topic-2 -> List(1, 2, 3)) (kafka.controller.KafkaController)
[2022-03-17 12:37:23,254] TRACE [Controller id=3] Leader imbalance ratio for broker 1 is 0.09090909090909091 (kafka.controller.KafkaController)
[2022-03-17 12:37:23,254] DEBUG [Controller id=3] Topics not in preferred replica for broker 2 HashMap() (kafka.controller.KafkaController)
[2022-03-17 12:37:23,254] TRACE [Controller id=3] Leader imbalance ratio for broker 2 is 0.0 (kafka.controller.KafkaController)
[2022-03-17 12:37:23,254] DEBUG [Controller id=3] Topics not in preferred replica for broker 3 HashMap() (kafka.controller.KafkaController)
[2022-03-17 12:37:23,254] TRACE [Controller id=3] Leader imbalance ratio for broker 3 is 0.0 (kafka.controller.KafkaController)
[2022-03-17 12:42:23,257] INFO [Controller id=3] Processing automatic preferred replica leader election (kafka.controller.KafkaController)
[2022-03-17 12:42:23,258] TRACE [Controller id=3] Checking need to trigger auto leader balancing (kafka.controller.KafkaController)
[2022-03-17 12:42:23,258] DEBUG [Controller id=3] Topics not in preferred replica for broker 1 HashMap(with_third_brokers-0 -> List(1, 3, 2), third_topic-2 -> List(1, 2, 3)) (kafka.controller.KafkaController)
[2022-03-17 12:42:23,258] TRACE [Controller id=3] Leader imbalance ratio for broker 1 is 0.09090909090909091 (kafka.controller.KafkaController)
[2022-03-17 12:42:23,258] DEBUG [Controller id=3] Topics not in preferred replica for broker 2 HashMap() (kafka.controller.KafkaController)
[2022-03-17 12:42:23,258] TRACE [Controller id=3] Leader imbalance ratio for broker 2 is 0.0 (kafka.controller.KafkaController)
[2022-03-17 12:42:23,258] DEBUG [Controller id=3] Topics not in preferred replica for broker 3 HashMap() (kafka.controller.KafkaController)
[2022-03-17 12:42:23,258] TRACE [Controller id=3] Leader imbalance ratio for broker 3 is 0.0 (kafka.controller.KafkaController)
[2022-03-17 12:47:23,259] INFO [Controller id=3] Processing automatic preferred replica leader election (kafka.controller.KafkaController)
[2022-03-17 12:47:23,259] TRACE [Controller id=3] Checking need to trigger auto leader balancing (kafka.controller.KafkaController)
[2022-03-17 12:47:23,260] DEBUG [Controller id=3] Topics not in preferred replica for broker 1 HashMap(with_third_brokers-0 -> List(1, 3, 2), third_topic-2 -> List(1, 2, 3)) (kafka.controller.KafkaController)
[2022-03-17 12:47:23,260] TRACE [Controller id=3] Leader imbalance ratio for broker 1 is 0.09090909090909091 (kafka.controller.KafkaController)
[2022-03-17 12:47:23,260] DEBUG [Controller id=3] Topics not in preferred replica for broker 2 HashMap() (kafka.controller.KafkaController)
[2022-03-17 12:47:23,260] TRACE [Controller id=3] Leader imbalance ratio for broker 2 is 0.0 (kafka.controller.KafkaController)
[2022-03-17 12:47:23,260] DEBUG [Controller id=3] Topics not in preferred replica for broker 3 HashMap() (kafka.controller.KafkaController)
[2022-03-17 12:47:23,260] TRACE [Controller id=3] Leader imbalance ratio for broker 3 is 0.0 (kafka.controller.KafkaController)
