[2022-03-16 15:03:51,223] INFO [Broker id=3] Add 3 partitions and deleted 0 partitions from metadata cache in response to UpdateMetadata request sent by controller 1 epoch 2 with correlation id 0 (state.change.logger)
[2022-03-16 15:05:48,613] INFO [Broker id=3] Handling LeaderAndIsr request correlationId 1 from controller 1 for 3 partitions (state.change.logger)
[2022-03-16 15:05:48,646] INFO [Broker id=3] Stopped fetchers as part of LeaderAndIsr request correlationId 1 from controller 1 epoch 2 as part of the become-leader transition for 1 partitions (state.change.logger)
[2022-03-16 15:05:48,799] INFO [Broker id=3] Leader third_topic-1 starts at leader epoch 0 from offset 0 with high watermark 0 ISR [3,1,2] addingReplicas [] removingReplicas []. Previous leader epoch was -1. (state.change.logger)
[2022-03-16 15:05:48,824] INFO [Broker id=3] Follower third_topic-0 starts at leader epoch 0 from offset 0 with high watermark 0. Previous leader epoch was -1. (state.change.logger)
[2022-03-16 15:05:48,831] INFO [Broker id=3] Follower third_topic-2 starts at leader epoch 0 from offset 0 with high watermark 0. Previous leader epoch was -1. (state.change.logger)
[2022-03-16 15:05:48,832] INFO [Broker id=3] Stopped fetchers as part of become-follower request from controller 1 epoch 2 with correlation id 1 for 2 partitions (state.change.logger)
[2022-03-16 15:05:48,890] INFO [Broker id=3] Finished LeaderAndIsr request in 278ms correlationId 1 from controller 1 for 3 partitions (state.change.logger)
[2022-03-16 15:05:48,909] INFO [Broker id=3] Add 3 partitions and deleted 0 partitions from metadata cache in response to UpdateMetadata request sent by controller 1 epoch 2 with correlation id 2 (state.change.logger)
[2022-03-16 15:12:35,692] INFO [Broker id=3] Add 1 partitions and deleted 0 partitions from metadata cache in response to UpdateMetadata request sent by controller 1 epoch 2 with correlation id 3 (state.change.logger)
[2022-03-16 15:12:35,832] INFO [Broker id=3] Handling LeaderAndIsr request correlationId 4 from controller 1 for 17 partitions (state.change.logger)
[2022-03-16 15:12:35,873] INFO [Broker id=3] Stopped fetchers as part of LeaderAndIsr request correlationId 4 from controller 1 epoch 2 as part of the become-leader transition for 17 partitions (state.change.logger)
[2022-03-16 15:12:35,892] INFO [Broker id=3] Leader __consumer_offsets-3 starts at leader epoch 0 from offset 0 with high watermark 0 ISR [3] addingReplicas [] removingReplicas []. Previous leader epoch was -1. (state.change.logger)
[2022-03-16 15:12:35,919] INFO [Broker id=3] Leader __consumer_offsets-18 starts at leader epoch 0 from offset 0 with high watermark 0 ISR [3] addingReplicas [] removingReplicas []. Previous leader epoch was -1. (state.change.logger)
[2022-03-16 15:12:35,939] INFO [Broker id=3] Leader __consumer_offsets-39 starts at leader epoch 0 from offset 0 with high watermark 0 ISR [3] addingReplicas [] removingReplicas []. Previous leader epoch was -1. (state.change.logger)
[2022-03-16 15:12:35,962] INFO [Broker id=3] Leader __consumer_offsets-9 starts at leader epoch 0 from offset 0 with high watermark 0 ISR [3] addingReplicas [] removingReplicas []. Previous leader epoch was -1. (state.change.logger)
[2022-03-16 15:12:35,987] INFO [Broker id=3] Leader __consumer_offsets-24 starts at leader epoch 0 from offset 0 with high watermark 0 ISR [3] addingReplicas [] removingReplicas []. Previous leader epoch was -1. (state.change.logger)
[2022-03-16 15:12:36,008] INFO [Broker id=3] Leader __consumer_offsets-27 starts at leader epoch 0 from offset 0 with high watermark 0 ISR [3] addingReplicas [] removingReplicas []. Previous leader epoch was -1. (state.change.logger)
[2022-03-16 15:12:36,027] INFO [Broker id=3] Leader __consumer_offsets-42 starts at leader epoch 0 from offset 0 with high watermark 0 ISR [3] addingReplicas [] removingReplicas []. Previous leader epoch was -1. (state.change.logger)
[2022-03-16 15:12:36,046] INFO [Broker id=3] Leader __consumer_offsets-12 starts at leader epoch 0 from offset 0 with high watermark 0 ISR [3] addingReplicas [] removingReplicas []. Previous leader epoch was -1. (state.change.logger)
[2022-03-16 15:12:36,068] INFO [Broker id=3] Leader __consumer_offsets-33 starts at leader epoch 0 from offset 0 with high watermark 0 ISR [3] addingReplicas [] removingReplicas []. Previous leader epoch was -1. (state.change.logger)
[2022-03-16 15:12:36,085] INFO [Broker id=3] Leader __consumer_offsets-48 starts at leader epoch 0 from offset 0 with high watermark 0 ISR [3] addingReplicas [] removingReplicas []. Previous leader epoch was -1. (state.change.logger)
[2022-03-16 15:12:36,108] INFO [Broker id=3] Leader __consumer_offsets-21 starts at leader epoch 0 from offset 0 with high watermark 0 ISR [3] addingReplicas [] removingReplicas []. Previous leader epoch was -1. (state.change.logger)
[2022-03-16 15:12:36,132] INFO [Broker id=3] Leader __consumer_offsets-36 starts at leader epoch 0 from offset 0 with high watermark 0 ISR [3] addingReplicas [] removingReplicas []. Previous leader epoch was -1. (state.change.logger)
[2022-03-16 15:12:36,150] INFO [Broker id=3] Leader __consumer_offsets-6 starts at leader epoch 0 from offset 0 with high watermark 0 ISR [3] addingReplicas [] removingReplicas []. Previous leader epoch was -1. (state.change.logger)
[2022-03-16 15:12:36,170] INFO [Broker id=3] Leader __consumer_offsets-45 starts at leader epoch 0 from offset 0 with high watermark 0 ISR [3] addingReplicas [] removingReplicas []. Previous leader epoch was -1. (state.change.logger)
[2022-03-16 15:12:36,189] INFO [Broker id=3] Leader __consumer_offsets-15 starts at leader epoch 0 from offset 0 with high watermark 0 ISR [3] addingReplicas [] removingReplicas []. Previous leader epoch was -1. (state.change.logger)
[2022-03-16 15:12:36,206] INFO [Broker id=3] Leader __consumer_offsets-30 starts at leader epoch 0 from offset 0 with high watermark 0 ISR [3] addingReplicas [] removingReplicas []. Previous leader epoch was -1. (state.change.logger)
[2022-03-16 15:12:36,227] INFO [Broker id=3] Leader __consumer_offsets-0 starts at leader epoch 0 from offset 0 with high watermark 0 ISR [3] addingReplicas [] removingReplicas []. Previous leader epoch was -1. (state.change.logger)
[2022-03-16 15:12:36,239] INFO [Broker id=3] Finished LeaderAndIsr request in 407ms correlationId 4 from controller 1 for 17 partitions (state.change.logger)
[2022-03-16 15:12:36,244] INFO [Broker id=3] Add 50 partitions and deleted 0 partitions from metadata cache in response to UpdateMetadata request sent by controller 1 epoch 2 with correlation id 5 (state.change.logger)
[2022-03-16 15:22:37,793] INFO [Broker id=3] Handling LeaderAndIsr request correlationId 6 from controller 1 for 3 partitions (state.change.logger)
[2022-03-16 15:22:37,798] INFO [Broker id=3] Stopped fetchers as part of LeaderAndIsr request correlationId 6 from controller 1 epoch 2 as part of the become-leader transition for 1 partitions (state.change.logger)
[2022-03-16 15:22:37,806] INFO [Broker id=3] Leader with_third_brokers-2 starts at leader epoch 0 from offset 0 with high watermark 0 ISR [3,2,1] addingReplicas [] removingReplicas []. Previous leader epoch was -1. (state.change.logger)
[2022-03-16 15:22:37,827] INFO [Broker id=3] Follower with_third_brokers-0 starts at leader epoch 0 from offset 0 with high watermark 0. Previous leader epoch was -1. (state.change.logger)
[2022-03-16 15:22:37,834] INFO [Broker id=3] Follower with_third_brokers-1 starts at leader epoch 0 from offset 0 with high watermark 0. Previous leader epoch was -1. (state.change.logger)
[2022-03-16 15:22:37,835] INFO [Broker id=3] Stopped fetchers as part of become-follower request from controller 1 epoch 2 with correlation id 6 for 2 partitions (state.change.logger)
[2022-03-16 15:22:37,836] INFO [Broker id=3] Finished LeaderAndIsr request in 42ms correlationId 6 from controller 1 for 3 partitions (state.change.logger)
[2022-03-16 15:22:37,838] INFO [Broker id=3] Add 3 partitions and deleted 0 partitions from metadata cache in response to UpdateMetadata request sent by controller 1 epoch 2 with correlation id 7 (state.change.logger)
[2022-03-16 15:32:42,988] INFO [Broker id=3] Handling LeaderAndIsr request correlationId 8 from controller 1 for 2 partitions (state.change.logger)
[2022-03-16 15:32:42,990] INFO [Broker id=3] Stopped fetchers as part of LeaderAndIsr request correlationId 8 from controller 1 epoch 2 as part of the become-leader transition for 1 partitions (state.change.logger)
[2022-03-16 15:32:42,992] INFO [Broker id=3] Leader with_third_brokers-0 starts at leader epoch 1 from offset 0 with high watermark 0 ISR [3,2] addingReplicas [] removingReplicas []. Previous leader epoch was 0. (state.change.logger)
[2022-03-16 15:32:43,001] INFO [Broker id=3] Follower third_topic-2 starts at leader epoch 1 from offset 0 with high watermark 0. Previous leader epoch was 0. (state.change.logger)
[2022-03-16 15:32:43,008] INFO [Broker id=3] Stopped fetchers as part of become-follower request from controller 1 epoch 2 with correlation id 8 for 1 partitions (state.change.logger)
[2022-03-16 15:32:43,025] INFO [Broker id=3] Finished LeaderAndIsr request in 37ms correlationId 8 from controller 1 for 2 partitions (state.change.logger)
[2022-03-16 15:32:43,028] INFO [Broker id=3] Add 2 partitions and deleted 0 partitions from metadata cache in response to UpdateMetadata request sent by controller 1 epoch 2 with correlation id 9 (state.change.logger)
[2022-03-16 15:32:43,030] INFO [Broker id=3] Handling LeaderAndIsr request correlationId 10 from controller 1 for 4 partitions (state.change.logger)
[2022-03-16 15:32:43,031] INFO [Broker id=3] Stopped fetchers as part of LeaderAndIsr request correlationId 10 from controller 1 epoch 2 as part of the become-leader transition for 2 partitions (state.change.logger)
[2022-03-16 15:32:43,031] INFO [Broker id=3] Leader third_topic-1 starts at leader epoch 1 from offset 0 with high watermark 0 ISR [3,2] addingReplicas [] removingReplicas []. Previous leader epoch was 0. (state.change.logger)
[2022-03-16 15:32:43,047] INFO [Broker id=3] Skipped the become-leader state change after marking its partition as leader with correlation id 10 from controller 1 epoch 2 for partition third_topic-1 (last update controller epoch 2) since it is already the leader for the partition. (state.change.logger)
[2022-03-16 15:32:43,047] INFO [Broker id=3] Leader with_third_brokers-2 starts at leader epoch 1 from offset 0 with high watermark 0 ISR [3,2] addingReplicas [] removingReplicas []. Previous leader epoch was 0. (state.change.logger)
[2022-03-16 15:32:43,059] INFO [Broker id=3] Skipped the become-leader state change after marking its partition as leader with correlation id 10 from controller 1 epoch 2 for partition with_third_brokers-2 (last update controller epoch 2) since it is already the leader for the partition. (state.change.logger)
[2022-03-16 15:32:43,059] INFO [Broker id=3] Follower third_topic-0 starts at leader epoch 1 from offset 0 with high watermark 0. Previous leader epoch was 0. (state.change.logger)
[2022-03-16 15:32:43,059] INFO [Broker id=3] Follower with_third_brokers-1 starts at leader epoch 1 from offset 0 with high watermark 0. Previous leader epoch was 0. (state.change.logger)
[2022-03-16 15:32:43,060] INFO [Broker id=3] Stopped fetchers as part of become-follower request from controller 1 epoch 2 with correlation id 10 for 2 partitions (state.change.logger)
[2022-03-16 15:32:43,061] INFO [Broker id=3] Finished LeaderAndIsr request in 31ms correlationId 10 from controller 1 for 4 partitions (state.change.logger)
[2022-03-16 15:32:43,063] INFO [Broker id=3] Add 4 partitions and deleted 0 partitions from metadata cache in response to UpdateMetadata request sent by controller 1 epoch 2 with correlation id 11 (state.change.logger)
[2022-03-16 15:32:44,397] INFO [Controller id=3 epoch=3] Sending UpdateMetadata request to brokers HashSet(2, 3) for 0 partitions (state.change.logger)
[2022-03-16 15:32:44,425] INFO [Controller id=3 epoch=3] Sending LeaderAndIsr request to broker 2 with 20 become-leader and 3 become-follower partitions (state.change.logger)
[2022-03-16 15:32:44,427] INFO [Controller id=3 epoch=3] Sending LeaderAndIsr request to broker 3 with 20 become-leader and 3 become-follower partitions (state.change.logger)
[2022-03-16 15:32:44,427] INFO [Controller id=3 epoch=3] Sending UpdateMetadata request to brokers HashSet(2, 3) for 40 partitions (state.change.logger)
[2022-03-16 15:32:44,428] INFO [Broker id=3] Handling LeaderAndIsr request correlationId 1 from controller 3 for 23 partitions (state.change.logger)
[2022-03-16 15:32:44,429] INFO [Broker id=3] Ignoring LeaderAndIsr request from controller 3 with correlation id 1 epoch 3 for partition third_topic-2 since its associated leader epoch 1 matches the current leader epoch (state.change.logger)
[2022-03-16 15:32:44,429] INFO [Broker id=3] Ignoring LeaderAndIsr request from controller 3 with correlation id 1 epoch 3 for partition third_topic-1 since its associated leader epoch 1 matches the current leader epoch (state.change.logger)
[2022-03-16 15:32:44,429] INFO [Broker id=3] Ignoring LeaderAndIsr request from controller 3 with correlation id 1 epoch 3 for partition third_topic-0 since its associated leader epoch 1 matches the current leader epoch (state.change.logger)
[2022-03-16 15:32:44,429] INFO [Broker id=3] Ignoring LeaderAndIsr request from controller 3 with correlation id 1 epoch 3 for partition __consumer_offsets-15 since its associated leader epoch 0 matches the current leader epoch (state.change.logger)
[2022-03-16 15:32:44,429] INFO [Broker id=3] Ignoring LeaderAndIsr request from controller 3 with correlation id 1 epoch 3 for partition __consumer_offsets-48 since its associated leader epoch 0 matches the current leader epoch (state.change.logger)
[2022-03-16 15:32:44,429] INFO [Broker id=3] Ignoring LeaderAndIsr request from controller 3 with correlation id 1 epoch 3 for partition __consumer_offsets-45 since its associated leader epoch 0 matches the current leader epoch (state.change.logger)
[2022-03-16 15:32:44,429] INFO [Broker id=3] Ignoring LeaderAndIsr request from controller 3 with correlation id 1 epoch 3 for partition __consumer_offsets-12 since its associated leader epoch 0 matches the current leader epoch (state.change.logger)
[2022-03-16 15:32:44,429] INFO [Broker id=3] Ignoring LeaderAndIsr request from controller 3 with correlation id 1 epoch 3 for partition __consumer_offsets-9 since its associated leader epoch 0 matches the current leader epoch (state.change.logger)
[2022-03-16 15:32:44,429] INFO [Broker id=3] Ignoring LeaderAndIsr request from controller 3 with correlation id 1 epoch 3 for partition __consumer_offsets-42 since its associated leader epoch 0 matches the current leader epoch (state.change.logger)
[2022-03-16 15:32:44,429] INFO [Broker id=3] Ignoring LeaderAndIsr request from controller 3 with correlation id 1 epoch 3 for partition __consumer_offsets-24 since its associated leader epoch 0 matches the current leader epoch (state.change.logger)
[2022-03-16 15:32:44,429] INFO [Broker id=3] Ignoring LeaderAndIsr request from controller 3 with correlation id 1 epoch 3 for partition __consumer_offsets-21 since its associated leader epoch 0 matches the current leader epoch (state.change.logger)
[2022-03-16 15:32:44,429] INFO [Broker id=3] Ignoring LeaderAndIsr request from controller 3 with correlation id 1 epoch 3 for partition __consumer_offsets-18 since its associated leader epoch 0 matches the current leader epoch (state.change.logger)
[2022-03-16 15:32:44,429] INFO [Broker id=3] Ignoring LeaderAndIsr request from controller 3 with correlation id 1 epoch 3 for partition __consumer_offsets-0 since its associated leader epoch 0 matches the current leader epoch (state.change.logger)
[2022-03-16 15:32:44,429] INFO [Broker id=3] Ignoring LeaderAndIsr request from controller 3 with correlation id 1 epoch 3 for partition __consumer_offsets-30 since its associated leader epoch 0 matches the current leader epoch (state.change.logger)
[2022-03-16 15:32:44,429] INFO [Broker id=3] Ignoring LeaderAndIsr request from controller 3 with correlation id 1 epoch 3 for partition __consumer_offsets-27 since its associated leader epoch 0 matches the current leader epoch (state.change.logger)
[2022-03-16 15:32:44,429] INFO [Broker id=3] Ignoring LeaderAndIsr request from controller 3 with correlation id 1 epoch 3 for partition __consumer_offsets-39 since its associated leader epoch 0 matches the current leader epoch (state.change.logger)
[2022-03-16 15:32:44,429] INFO [Broker id=3] Ignoring LeaderAndIsr request from controller 3 with correlation id 1 epoch 3 for partition __consumer_offsets-6 since its associated leader epoch 0 matches the current leader epoch (state.change.logger)
[2022-03-16 15:32:44,430] INFO [Broker id=3] Ignoring LeaderAndIsr request from controller 3 with correlation id 1 epoch 3 for partition __consumer_offsets-3 since its associated leader epoch 0 matches the current leader epoch (state.change.logger)
[2022-03-16 15:32:44,430] INFO [Broker id=3] Ignoring LeaderAndIsr request from controller 3 with correlation id 1 epoch 3 for partition __consumer_offsets-36 since its associated leader epoch 0 matches the current leader epoch (state.change.logger)
[2022-03-16 15:32:44,430] INFO [Broker id=3] Ignoring LeaderAndIsr request from controller 3 with correlation id 1 epoch 3 for partition __consumer_offsets-33 since its associated leader epoch 0 matches the current leader epoch (state.change.logger)
[2022-03-16 15:32:44,430] INFO [Broker id=3] Ignoring LeaderAndIsr request from controller 3 with correlation id 1 epoch 3 for partition with_third_brokers-0 since its associated leader epoch 1 matches the current leader epoch (state.change.logger)
[2022-03-16 15:32:44,430] INFO [Broker id=3] Ignoring LeaderAndIsr request from controller 3 with correlation id 1 epoch 3 for partition with_third_brokers-2 since its associated leader epoch 1 matches the current leader epoch (state.change.logger)
[2022-03-16 15:32:44,430] INFO [Broker id=3] Ignoring LeaderAndIsr request from controller 3 with correlation id 1 epoch 3 for partition with_third_brokers-1 since its associated leader epoch 1 matches the current leader epoch (state.change.logger)
[2022-03-16 15:32:44,430] INFO [Broker id=3] Finished LeaderAndIsr request in 2ms correlationId 1 from controller 3 for 23 partitions (state.change.logger)
[2022-03-16 15:32:44,434] INFO [Broker id=3] Add 40 partitions and deleted 0 partitions from metadata cache in response to UpdateMetadata request sent by controller 3 epoch 3 with correlation id 2 (state.change.logger)
[2022-03-16 15:32:44,466] INFO [Controller id=3 epoch=3] Partition __consumer_offsets-22 state changed to (Leader:-1,ISR:1,LeaderEpoch:1,ControllerEpoch:3) after removing replica 1 from the ISR as part of transition to OfflineReplica (state.change.logger)
[2022-03-16 15:32:44,467] INFO [Controller id=3 epoch=3] Partition third_topic-1 state changed to (Leader:3,ISR:3,2,LeaderEpoch:1,ControllerEpoch:3) after removing replica 1 from the ISR as part of transition to OfflineReplica (state.change.logger)
[2022-03-16 15:32:44,467] INFO [Controller id=3 epoch=3] Partition __consumer_offsets-4 state changed to (Leader:-1,ISR:1,LeaderEpoch:1,ControllerEpoch:3) after removing replica 1 from the ISR as part of transition to OfflineReplica (state.change.logger)
[2022-03-16 15:32:44,467] INFO [Controller id=3 epoch=3] Partition first_topic-2 state changed to (Leader:-1,ISR:1,LeaderEpoch:1,ControllerEpoch:3) after removing replica 1 from the ISR as part of transition to OfflineReplica (state.change.logger)
[2022-03-16 15:32:44,467] INFO [Controller id=3 epoch=3] Partition __consumer_offsets-25 state changed to (Leader:-1,ISR:1,LeaderEpoch:1,ControllerEpoch:3) after removing replica 1 from the ISR as part of transition to OfflineReplica (state.change.logger)
[2022-03-16 15:32:44,467] INFO [Controller id=3 epoch=3] Partition with_third_brokers-0 state changed to (Leader:3,ISR:3,2,LeaderEpoch:1,ControllerEpoch:3) after removing replica 1 from the ISR as part of transition to OfflineReplica (state.change.logger)
[2022-03-16 15:32:44,467] INFO [Controller id=3 epoch=3] Partition __consumer_offsets-49 state changed to (Leader:-1,ISR:1,LeaderEpoch:1,ControllerEpoch:3) after removing replica 1 from the ISR as part of transition to OfflineReplica (state.change.logger)
[2022-03-16 15:32:44,467] INFO [Controller id=3 epoch=3] Partition __consumer_offsets-37 state changed to (Leader:-1,ISR:1,LeaderEpoch:1,ControllerEpoch:3) after removing replica 1 from the ISR as part of transition to OfflineReplica (state.change.logger)
[2022-03-16 15:32:44,467] INFO [Controller id=3 epoch=3] Partition first_topic-0 state changed to (Leader:-1,ISR:1,LeaderEpoch:1,ControllerEpoch:3) after removing replica 1 from the ISR as part of transition to OfflineReplica (state.change.logger)
[2022-03-16 15:32:44,467] INFO [Controller id=3 epoch=3] Partition __consumer_offsets-19 state changed to (Leader:-1,ISR:1,LeaderEpoch:1,ControllerEpoch:3) after removing replica 1 from the ISR as part of transition to OfflineReplica (state.change.logger)
[2022-03-16 15:32:44,467] INFO [Controller id=3 epoch=3] Partition __consumer_offsets-13 state changed to (Leader:-1,ISR:1,LeaderEpoch:1,ControllerEpoch:3) after removing replica 1 from the ISR as part of transition to OfflineReplica (state.change.logger)
[2022-03-16 15:32:44,467] INFO [Controller id=3 epoch=3] Partition __consumer_offsets-43 state changed to (Leader:-1,ISR:1,LeaderEpoch:1,ControllerEpoch:3) after removing replica 1 from the ISR as part of transition to OfflineReplica (state.change.logger)
[2022-03-16 15:32:44,468] INFO [Controller id=3 epoch=3] Partition with_third_brokers-1 state changed to (Leader:2,ISR:2,3,LeaderEpoch:1,ControllerEpoch:3) after removing replica 1 from the ISR as part of transition to OfflineReplica (state.change.logger)
[2022-03-16 15:32:44,468] INFO [Controller id=3 epoch=3] Partition third_topic-0 state changed to (Leader:2,ISR:2,3,LeaderEpoch:1,ControllerEpoch:3) after removing replica 1 from the ISR as part of transition to OfflineReplica (state.change.logger)
[2022-03-16 15:32:44,468] INFO [Controller id=3 epoch=3] Partition __consumer_offsets-1 state changed to (Leader:-1,ISR:1,LeaderEpoch:1,ControllerEpoch:3) after removing replica 1 from the ISR as part of transition to OfflineReplica (state.change.logger)
[2022-03-16 15:32:44,468] INFO [Controller id=3 epoch=3] Partition __consumer_offsets-34 state changed to (Leader:-1,ISR:1,LeaderEpoch:1,ControllerEpoch:3) after removing replica 1 from the ISR as part of transition to OfflineReplica (state.change.logger)
[2022-03-16 15:32:44,468] INFO [Controller id=3 epoch=3] Partition with_third_brokers-2 state changed to (Leader:3,ISR:3,2,LeaderEpoch:1,ControllerEpoch:3) after removing replica 1 from the ISR as part of transition to OfflineReplica (state.change.logger)
[2022-03-16 15:32:44,468] INFO [Controller id=3 epoch=3] Partition __consumer_offsets-7 state changed to (Leader:-1,ISR:1,LeaderEpoch:1,ControllerEpoch:3) after removing replica 1 from the ISR as part of transition to OfflineReplica (state.change.logger)
[2022-03-16 15:32:44,468] INFO [Controller id=3 epoch=3] Partition __consumer_offsets-46 state changed to (Leader:-1,ISR:1,LeaderEpoch:1,ControllerEpoch:3) after removing replica 1 from the ISR as part of transition to OfflineReplica (state.change.logger)
[2022-03-16 15:32:44,468] INFO [Controller id=3 epoch=3] Partition __consumer_offsets-16 state changed to (Leader:-1,ISR:1,LeaderEpoch:1,ControllerEpoch:3) after removing replica 1 from the ISR as part of transition to OfflineReplica (state.change.logger)
[2022-03-16 15:32:44,468] INFO [Controller id=3 epoch=3] Partition __consumer_offsets-28 state changed to (Leader:-1,ISR:1,LeaderEpoch:1,ControllerEpoch:3) after removing replica 1 from the ISR as part of transition to OfflineReplica (state.change.logger)
[2022-03-16 15:32:44,468] INFO [Controller id=3 epoch=3] Partition first_topic-1 state changed to (Leader:-1,ISR:1,LeaderEpoch:1,ControllerEpoch:3) after removing replica 1 from the ISR as part of transition to OfflineReplica (state.change.logger)
[2022-03-16 15:32:44,468] INFO [Controller id=3 epoch=3] Partition __consumer_offsets-31 state changed to (Leader:-1,ISR:1,LeaderEpoch:1,ControllerEpoch:3) after removing replica 1 from the ISR as part of transition to OfflineReplica (state.change.logger)
[2022-03-16 15:32:44,468] INFO [Controller id=3 epoch=3] Partition third_topic-2 state changed to (Leader:2,ISR:2,3,LeaderEpoch:1,ControllerEpoch:3) after removing replica 1 from the ISR as part of transition to OfflineReplica (state.change.logger)
[2022-03-16 15:32:44,468] INFO [Controller id=3 epoch=3] Partition __consumer_offsets-10 state changed to (Leader:-1,ISR:1,LeaderEpoch:1,ControllerEpoch:3) after removing replica 1 from the ISR as part of transition to OfflineReplica (state.change.logger)
[2022-03-16 15:32:44,468] INFO [Controller id=3 epoch=3] Partition __consumer_offsets-40 state changed to (Leader:-1,ISR:1,LeaderEpoch:1,ControllerEpoch:3) after removing replica 1 from the ISR as part of transition to OfflineReplica (state.change.logger)
[2022-03-16 15:32:44,470] INFO [Controller id=3 epoch=3] Sending LeaderAndIsr request to broker 2 with 3 become-leader and 3 become-follower partitions (state.change.logger)
[2022-03-16 15:32:44,470] INFO [Controller id=3 epoch=3] Sending LeaderAndIsr request to broker 3 with 3 become-leader and 3 become-follower partitions (state.change.logger)
[2022-03-16 15:32:44,470] INFO [Controller id=3 epoch=3] Sending UpdateMetadata request to brokers HashSet(2, 3) for 26 partitions (state.change.logger)
[2022-03-16 15:32:44,471] INFO [Broker id=3] Handling LeaderAndIsr request correlationId 3 from controller 3 for 6 partitions (state.change.logger)
[2022-03-16 15:32:44,471] INFO [Broker id=3] Ignoring LeaderAndIsr request from controller 3 with correlation id 3 epoch 3 for partition third_topic-2 since its associated leader epoch 1 matches the current leader epoch (state.change.logger)
[2022-03-16 15:32:44,471] INFO [Broker id=3] Ignoring LeaderAndIsr request from controller 3 with correlation id 3 epoch 3 for partition third_topic-1 since its associated leader epoch 1 matches the current leader epoch (state.change.logger)
[2022-03-16 15:32:44,471] INFO [Broker id=3] Ignoring LeaderAndIsr request from controller 3 with correlation id 3 epoch 3 for partition third_topic-0 since its associated leader epoch 1 matches the current leader epoch (state.change.logger)
[2022-03-16 15:32:44,471] INFO [Broker id=3] Ignoring LeaderAndIsr request from controller 3 with correlation id 3 epoch 3 for partition with_third_brokers-0 since its associated leader epoch 1 matches the current leader epoch (state.change.logger)
[2022-03-16 15:32:44,471] INFO [Broker id=3] Ignoring LeaderAndIsr request from controller 3 with correlation id 3 epoch 3 for partition with_third_brokers-2 since its associated leader epoch 1 matches the current leader epoch (state.change.logger)
[2022-03-16 15:32:44,471] INFO [Broker id=3] Ignoring LeaderAndIsr request from controller 3 with correlation id 3 epoch 3 for partition with_third_brokers-1 since its associated leader epoch 1 matches the current leader epoch (state.change.logger)
[2022-03-16 15:32:44,471] INFO [Broker id=3] Finished LeaderAndIsr request in 0ms correlationId 3 from controller 3 for 6 partitions (state.change.logger)
[2022-03-16 15:32:44,473] INFO [Broker id=3] Add 26 partitions and deleted 0 partitions from metadata cache in response to UpdateMetadata request sent by controller 3 epoch 3 with correlation id 4 (state.change.logger)
[2022-03-16 15:32:44,492] ERROR [Controller id=3 epoch=3] Controller 3 epoch 3 failed to change state for partition __consumer_offsets-22 from OfflinePartition to OnlinePartition (state.change.logger)
kafka.common.StateChangeFailedException: Failed to elect leader for partition __consumer_offsets-22 under strategy OfflinePartitionLeaderElectionStrategy(false)
	at kafka.controller.ZkPartitionStateMachine.$anonfun$doElectLeaderForPartitions$7(PartitionStateMachine.scala:424)
	at scala.collection.IterableOnceOps.foreach(IterableOnce.scala:563)
	at scala.collection.IterableOnceOps.foreach$(IterableOnce.scala:561)
	at scala.collection.AbstractIterable.foreach(Iterable.scala:919)
	at kafka.controller.ZkPartitionStateMachine.doElectLeaderForPartitions(PartitionStateMachine.scala:421)
	at kafka.controller.ZkPartitionStateMachine.electLeaderForPartitions(PartitionStateMachine.scala:332)
	at kafka.controller.ZkPartitionStateMachine.doHandleStateChanges(PartitionStateMachine.scala:238)
	at kafka.controller.ZkPartitionStateMachine.handleStateChanges(PartitionStateMachine.scala:158)
	at kafka.controller.PartitionStateMachine.triggerOnlineStateChangeForPartitions(PartitionStateMachine.scala:74)
	at kafka.controller.PartitionStateMachine.triggerOnlinePartitionStateChange(PartitionStateMachine.scala:59)
	at kafka.controller.PartitionStateMachine.startup(PartitionStateMachine.scala:42)
	at kafka.controller.KafkaController.onControllerFailover(KafkaController.scala:262)
	at kafka.controller.KafkaController.elect(KafkaController.scala:1520)
	at kafka.controller.KafkaController.processReelect(KafkaController.scala:2445)
	at kafka.controller.KafkaController.process(KafkaController.scala:2490)
	at kafka.controller.QueuedEvent.process(ControllerEventManager.scala:52)
	at kafka.controller.ControllerEventManager$ControllerEventThread.process$1(ControllerEventManager.scala:130)
	at kafka.controller.ControllerEventManager$ControllerEventThread.$anonfun$doWork$1(ControllerEventManager.scala:133)
	at scala.runtime.java8.JFunction0$mcV$sp.apply(JFunction0$mcV$sp.scala:18)
	at kafka.metrics.KafkaTimer.time(KafkaTimer.scala:31)
	at kafka.controller.ControllerEventManager$ControllerEventThread.doWork(ControllerEventManager.scala:133)
	at kafka.utils.ShutdownableThread.run(ShutdownableThread.scala:96)
[2022-03-16 15:32:44,492] ERROR [Controller id=3 epoch=3] Controller 3 epoch 3 failed to change state for partition __consumer_offsets-4 from OfflinePartition to OnlinePartition (state.change.logger)
kafka.common.StateChangeFailedException: Failed to elect leader for partition __consumer_offsets-4 under strategy OfflinePartitionLeaderElectionStrategy(false)
	at kafka.controller.ZkPartitionStateMachine.$anonfun$doElectLeaderForPartitions$7(PartitionStateMachine.scala:424)
	at scala.collection.IterableOnceOps.foreach(IterableOnce.scala:563)
	at scala.collection.IterableOnceOps.foreach$(IterableOnce.scala:561)
	at scala.collection.AbstractIterable.foreach(Iterable.scala:919)
	at kafka.controller.ZkPartitionStateMachine.doElectLeaderForPartitions(PartitionStateMachine.scala:421)
	at kafka.controller.ZkPartitionStateMachine.electLeaderForPartitions(PartitionStateMachine.scala:332)
	at kafka.controller.ZkPartitionStateMachine.doHandleStateChanges(PartitionStateMachine.scala:238)
	at kafka.controller.ZkPartitionStateMachine.handleStateChanges(PartitionStateMachine.scala:158)
	at kafka.controller.PartitionStateMachine.triggerOnlineStateChangeForPartitions(PartitionStateMachine.scala:74)
	at kafka.controller.PartitionStateMachine.triggerOnlinePartitionStateChange(PartitionStateMachine.scala:59)
	at kafka.controller.PartitionStateMachine.startup(PartitionStateMachine.scala:42)
	at kafka.controller.KafkaController.onControllerFailover(KafkaController.scala:262)
	at kafka.controller.KafkaController.elect(KafkaController.scala:1520)
	at kafka.controller.KafkaController.processReelect(KafkaController.scala:2445)
	at kafka.controller.KafkaController.process(KafkaController.scala:2490)
	at kafka.controller.QueuedEvent.process(ControllerEventManager.scala:52)
	at kafka.controller.ControllerEventManager$ControllerEventThread.process$1(ControllerEventManager.scala:130)
	at kafka.controller.ControllerEventManager$ControllerEventThread.$anonfun$doWork$1(ControllerEventManager.scala:133)
	at scala.runtime.java8.JFunction0$mcV$sp.apply(JFunction0$mcV$sp.scala:18)
	at kafka.metrics.KafkaTimer.time(KafkaTimer.scala:31)
	at kafka.controller.ControllerEventManager$ControllerEventThread.doWork(ControllerEventManager.scala:133)
	at kafka.utils.ShutdownableThread.run(ShutdownableThread.scala:96)
[2022-03-16 15:32:44,493] ERROR [Controller id=3 epoch=3] Controller 3 epoch 3 failed to change state for partition first_topic-2 from OfflinePartition to OnlinePartition (state.change.logger)
kafka.common.StateChangeFailedException: Failed to elect leader for partition first_topic-2 under strategy OfflinePartitionLeaderElectionStrategy(false)
	at kafka.controller.ZkPartitionStateMachine.$anonfun$doElectLeaderForPartitions$7(PartitionStateMachine.scala:424)
	at scala.collection.IterableOnceOps.foreach(IterableOnce.scala:563)
	at scala.collection.IterableOnceOps.foreach$(IterableOnce.scala:561)
	at scala.collection.AbstractIterable.foreach(Iterable.scala:919)
	at kafka.controller.ZkPartitionStateMachine.doElectLeaderForPartitions(PartitionStateMachine.scala:421)
	at kafka.controller.ZkPartitionStateMachine.electLeaderForPartitions(PartitionStateMachine.scala:332)
	at kafka.controller.ZkPartitionStateMachine.doHandleStateChanges(PartitionStateMachine.scala:238)
	at kafka.controller.ZkPartitionStateMachine.handleStateChanges(PartitionStateMachine.scala:158)
	at kafka.controller.PartitionStateMachine.triggerOnlineStateChangeForPartitions(PartitionStateMachine.scala:74)
	at kafka.controller.PartitionStateMachine.triggerOnlinePartitionStateChange(PartitionStateMachine.scala:59)
	at kafka.controller.PartitionStateMachine.startup(PartitionStateMachine.scala:42)
	at kafka.controller.KafkaController.onControllerFailover(KafkaController.scala:262)
	at kafka.controller.KafkaController.elect(KafkaController.scala:1520)
	at kafka.controller.KafkaController.processReelect(KafkaController.scala:2445)
	at kafka.controller.KafkaController.process(KafkaController.scala:2490)
	at kafka.controller.QueuedEvent.process(ControllerEventManager.scala:52)
	at kafka.controller.ControllerEventManager$ControllerEventThread.process$1(ControllerEventManager.scala:130)
	at kafka.controller.ControllerEventManager$ControllerEventThread.$anonfun$doWork$1(ControllerEventManager.scala:133)
	at scala.runtime.java8.JFunction0$mcV$sp.apply(JFunction0$mcV$sp.scala:18)
	at kafka.metrics.KafkaTimer.time(KafkaTimer.scala:31)
	at kafka.controller.ControllerEventManager$ControllerEventThread.doWork(ControllerEventManager.scala:133)
	at kafka.utils.ShutdownableThread.run(ShutdownableThread.scala:96)
[2022-03-16 15:32:44,493] ERROR [Controller id=3 epoch=3] Controller 3 epoch 3 failed to change state for partition __consumer_offsets-25 from OfflinePartition to OnlinePartition (state.change.logger)
kafka.common.StateChangeFailedException: Failed to elect leader for partition __consumer_offsets-25 under strategy OfflinePartitionLeaderElectionStrategy(false)
	at kafka.controller.ZkPartitionStateMachine.$anonfun$doElectLeaderForPartitions$7(PartitionStateMachine.scala:424)
	at scala.collection.IterableOnceOps.foreach(IterableOnce.scala:563)
	at scala.collection.IterableOnceOps.foreach$(IterableOnce.scala:561)
	at scala.collection.AbstractIterable.foreach(Iterable.scala:919)
	at kafka.controller.ZkPartitionStateMachine.doElectLeaderForPartitions(PartitionStateMachine.scala:421)
	at kafka.controller.ZkPartitionStateMachine.electLeaderForPartitions(PartitionStateMachine.scala:332)
	at kafka.controller.ZkPartitionStateMachine.doHandleStateChanges(PartitionStateMachine.scala:238)
	at kafka.controller.ZkPartitionStateMachine.handleStateChanges(PartitionStateMachine.scala:158)
	at kafka.controller.PartitionStateMachine.triggerOnlineStateChangeForPartitions(PartitionStateMachine.scala:74)
	at kafka.controller.PartitionStateMachine.triggerOnlinePartitionStateChange(PartitionStateMachine.scala:59)
	at kafka.controller.PartitionStateMachine.startup(PartitionStateMachine.scala:42)
	at kafka.controller.KafkaController.onControllerFailover(KafkaController.scala:262)
	at kafka.controller.KafkaController.elect(KafkaController.scala:1520)
	at kafka.controller.KafkaController.processReelect(KafkaController.scala:2445)
	at kafka.controller.KafkaController.process(KafkaController.scala:2490)
	at kafka.controller.QueuedEvent.process(ControllerEventManager.scala:52)
	at kafka.controller.ControllerEventManager$ControllerEventThread.process$1(ControllerEventManager.scala:130)
	at kafka.controller.ControllerEventManager$ControllerEventThread.$anonfun$doWork$1(ControllerEventManager.scala:133)
	at scala.runtime.java8.JFunction0$mcV$sp.apply(JFunction0$mcV$sp.scala:18)
	at kafka.metrics.KafkaTimer.time(KafkaTimer.scala:31)
	at kafka.controller.ControllerEventManager$ControllerEventThread.doWork(ControllerEventManager.scala:133)
	at kafka.utils.ShutdownableThread.run(ShutdownableThread.scala:96)
[2022-03-16 15:32:44,493] ERROR [Controller id=3 epoch=3] Controller 3 epoch 3 failed to change state for partition __consumer_offsets-49 from OfflinePartition to OnlinePartition (state.change.logger)
kafka.common.StateChangeFailedException: Failed to elect leader for partition __consumer_offsets-49 under strategy OfflinePartitionLeaderElectionStrategy(false)
	at kafka.controller.ZkPartitionStateMachine.$anonfun$doElectLeaderForPartitions$7(PartitionStateMachine.scala:424)
	at scala.collection.IterableOnceOps.foreach(IterableOnce.scala:563)
	at scala.collection.IterableOnceOps.foreach$(IterableOnce.scala:561)
	at scala.collection.AbstractIterable.foreach(Iterable.scala:919)
	at kafka.controller.ZkPartitionStateMachine.doElectLeaderForPartitions(PartitionStateMachine.scala:421)
	at kafka.controller.ZkPartitionStateMachine.electLeaderForPartitions(PartitionStateMachine.scala:332)
	at kafka.controller.ZkPartitionStateMachine.doHandleStateChanges(PartitionStateMachine.scala:238)
	at kafka.controller.ZkPartitionStateMachine.handleStateChanges(PartitionStateMachine.scala:158)
	at kafka.controller.PartitionStateMachine.triggerOnlineStateChangeForPartitions(PartitionStateMachine.scala:74)
	at kafka.controller.PartitionStateMachine.triggerOnlinePartitionStateChange(PartitionStateMachine.scala:59)
	at kafka.controller.PartitionStateMachine.startup(PartitionStateMachine.scala:42)
	at kafka.controller.KafkaController.onControllerFailover(KafkaController.scala:262)
	at kafka.controller.KafkaController.elect(KafkaController.scala:1520)
	at kafka.controller.KafkaController.processReelect(KafkaController.scala:2445)
	at kafka.controller.KafkaController.process(KafkaController.scala:2490)
	at kafka.controller.QueuedEvent.process(ControllerEventManager.scala:52)
	at kafka.controller.ControllerEventManager$ControllerEventThread.process$1(ControllerEventManager.scala:130)
	at kafka.controller.ControllerEventManager$ControllerEventThread.$anonfun$doWork$1(ControllerEventManager.scala:133)
	at scala.runtime.java8.JFunction0$mcV$sp.apply(JFunction0$mcV$sp.scala:18)
	at kafka.metrics.KafkaTimer.time(KafkaTimer.scala:31)
	at kafka.controller.ControllerEventManager$ControllerEventThread.doWork(ControllerEventManager.scala:133)
	at kafka.utils.ShutdownableThread.run(ShutdownableThread.scala:96)
[2022-03-16 15:32:44,493] ERROR [Controller id=3 epoch=3] Controller 3 epoch 3 failed to change state for partition __consumer_offsets-37 from OfflinePartition to OnlinePartition (state.change.logger)
kafka.common.StateChangeFailedException: Failed to elect leader for partition __consumer_offsets-37 under strategy OfflinePartitionLeaderElectionStrategy(false)
	at kafka.controller.ZkPartitionStateMachine.$anonfun$doElectLeaderForPartitions$7(PartitionStateMachine.scala:424)
	at scala.collection.IterableOnceOps.foreach(IterableOnce.scala:563)
	at scala.collection.IterableOnceOps.foreach$(IterableOnce.scala:561)
	at scala.collection.AbstractIterable.foreach(Iterable.scala:919)
	at kafka.controller.ZkPartitionStateMachine.doElectLeaderForPartitions(PartitionStateMachine.scala:421)
	at kafka.controller.ZkPartitionStateMachine.electLeaderForPartitions(PartitionStateMachine.scala:332)
	at kafka.controller.ZkPartitionStateMachine.doHandleStateChanges(PartitionStateMachine.scala:238)
	at kafka.controller.ZkPartitionStateMachine.handleStateChanges(PartitionStateMachine.scala:158)
	at kafka.controller.PartitionStateMachine.triggerOnlineStateChangeForPartitions(PartitionStateMachine.scala:74)
	at kafka.controller.PartitionStateMachine.triggerOnlinePartitionStateChange(PartitionStateMachine.scala:59)
	at kafka.controller.PartitionStateMachine.startup(PartitionStateMachine.scala:42)
	at kafka.controller.KafkaController.onControllerFailover(KafkaController.scala:262)
	at kafka.controller.KafkaController.elect(KafkaController.scala:1520)
	at kafka.controller.KafkaController.processReelect(KafkaController.scala:2445)
	at kafka.controller.KafkaController.process(KafkaController.scala:2490)
	at kafka.controller.QueuedEvent.process(ControllerEventManager.scala:52)
	at kafka.controller.ControllerEventManager$ControllerEventThread.process$1(ControllerEventManager.scala:130)
	at kafka.controller.ControllerEventManager$ControllerEventThread.$anonfun$doWork$1(ControllerEventManager.scala:133)
	at scala.runtime.java8.JFunction0$mcV$sp.apply(JFunction0$mcV$sp.scala:18)
	at kafka.metrics.KafkaTimer.time(KafkaTimer.scala:31)
	at kafka.controller.ControllerEventManager$ControllerEventThread.doWork(ControllerEventManager.scala:133)
	at kafka.utils.ShutdownableThread.run(ShutdownableThread.scala:96)
[2022-03-16 15:32:44,493] ERROR [Controller id=3 epoch=3] Controller 3 epoch 3 failed to change state for partition first_topic-0 from OfflinePartition to OnlinePartition (state.change.logger)
kafka.common.StateChangeFailedException: Failed to elect leader for partition first_topic-0 under strategy OfflinePartitionLeaderElectionStrategy(false)
	at kafka.controller.ZkPartitionStateMachine.$anonfun$doElectLeaderForPartitions$7(PartitionStateMachine.scala:424)
	at scala.collection.IterableOnceOps.foreach(IterableOnce.scala:563)
	at scala.collection.IterableOnceOps.foreach$(IterableOnce.scala:561)
	at scala.collection.AbstractIterable.foreach(Iterable.scala:919)
	at kafka.controller.ZkPartitionStateMachine.doElectLeaderForPartitions(PartitionStateMachine.scala:421)
	at kafka.controller.ZkPartitionStateMachine.electLeaderForPartitions(PartitionStateMachine.scala:332)
	at kafka.controller.ZkPartitionStateMachine.doHandleStateChanges(PartitionStateMachine.scala:238)
	at kafka.controller.ZkPartitionStateMachine.handleStateChanges(PartitionStateMachine.scala:158)
	at kafka.controller.PartitionStateMachine.triggerOnlineStateChangeForPartitions(PartitionStateMachine.scala:74)
	at kafka.controller.PartitionStateMachine.triggerOnlinePartitionStateChange(PartitionStateMachine.scala:59)
	at kafka.controller.PartitionStateMachine.startup(PartitionStateMachine.scala:42)
	at kafka.controller.KafkaController.onControllerFailover(KafkaController.scala:262)
	at kafka.controller.KafkaController.elect(KafkaController.scala:1520)
	at kafka.controller.KafkaController.processReelect(KafkaController.scala:2445)
	at kafka.controller.KafkaController.process(KafkaController.scala:2490)
	at kafka.controller.QueuedEvent.process(ControllerEventManager.scala:52)
	at kafka.controller.ControllerEventManager$ControllerEventThread.process$1(ControllerEventManager.scala:130)
	at kafka.controller.ControllerEventManager$ControllerEventThread.$anonfun$doWork$1(ControllerEventManager.scala:133)
	at scala.runtime.java8.JFunction0$mcV$sp.apply(JFunction0$mcV$sp.scala:18)
	at kafka.metrics.KafkaTimer.time(KafkaTimer.scala:31)
	at kafka.controller.ControllerEventManager$ControllerEventThread.doWork(ControllerEventManager.scala:133)
	at kafka.utils.ShutdownableThread.run(ShutdownableThread.scala:96)
[2022-03-16 15:32:44,494] ERROR [Controller id=3 epoch=3] Controller 3 epoch 3 failed to change state for partition __consumer_offsets-19 from OfflinePartition to OnlinePartition (state.change.logger)
kafka.common.StateChangeFailedException: Failed to elect leader for partition __consumer_offsets-19 under strategy OfflinePartitionLeaderElectionStrategy(false)
	at kafka.controller.ZkPartitionStateMachine.$anonfun$doElectLeaderForPartitions$7(PartitionStateMachine.scala:424)
	at scala.collection.IterableOnceOps.foreach(IterableOnce.scala:563)
	at scala.collection.IterableOnceOps.foreach$(IterableOnce.scala:561)
	at scala.collection.AbstractIterable.foreach(Iterable.scala:919)
	at kafka.controller.ZkPartitionStateMachine.doElectLeaderForPartitions(PartitionStateMachine.scala:421)
	at kafka.controller.ZkPartitionStateMachine.electLeaderForPartitions(PartitionStateMachine.scala:332)
	at kafka.controller.ZkPartitionStateMachine.doHandleStateChanges(PartitionStateMachine.scala:238)
	at kafka.controller.ZkPartitionStateMachine.handleStateChanges(PartitionStateMachine.scala:158)
	at kafka.controller.PartitionStateMachine.triggerOnlineStateChangeForPartitions(PartitionStateMachine.scala:74)
	at kafka.controller.PartitionStateMachine.triggerOnlinePartitionStateChange(PartitionStateMachine.scala:59)
	at kafka.controller.PartitionStateMachine.startup(PartitionStateMachine.scala:42)
	at kafka.controller.KafkaController.onControllerFailover(KafkaController.scala:262)
	at kafka.controller.KafkaController.elect(KafkaController.scala:1520)
	at kafka.controller.KafkaController.processReelect(KafkaController.scala:2445)
	at kafka.controller.KafkaController.process(KafkaController.scala:2490)
	at kafka.controller.QueuedEvent.process(ControllerEventManager.scala:52)
	at kafka.controller.ControllerEventManager$ControllerEventThread.process$1(ControllerEventManager.scala:130)
	at kafka.controller.ControllerEventManager$ControllerEventThread.$anonfun$doWork$1(ControllerEventManager.scala:133)
	at scala.runtime.java8.JFunction0$mcV$sp.apply(JFunction0$mcV$sp.scala:18)
	at kafka.metrics.KafkaTimer.time(KafkaTimer.scala:31)
	at kafka.controller.ControllerEventManager$ControllerEventThread.doWork(ControllerEventManager.scala:133)
	at kafka.utils.ShutdownableThread.run(ShutdownableThread.scala:96)
[2022-03-16 15:32:44,494] ERROR [Controller id=3 epoch=3] Controller 3 epoch 3 failed to change state for partition __consumer_offsets-13 from OfflinePartition to OnlinePartition (state.change.logger)
kafka.common.StateChangeFailedException: Failed to elect leader for partition __consumer_offsets-13 under strategy OfflinePartitionLeaderElectionStrategy(false)
	at kafka.controller.ZkPartitionStateMachine.$anonfun$doElectLeaderForPartitions$7(PartitionStateMachine.scala:424)
	at scala.collection.IterableOnceOps.foreach(IterableOnce.scala:563)
	at scala.collection.IterableOnceOps.foreach$(IterableOnce.scala:561)
	at scala.collection.AbstractIterable.foreach(Iterable.scala:919)
	at kafka.controller.ZkPartitionStateMachine.doElectLeaderForPartitions(PartitionStateMachine.scala:421)
	at kafka.controller.ZkPartitionStateMachine.electLeaderForPartitions(PartitionStateMachine.scala:332)
	at kafka.controller.ZkPartitionStateMachine.doHandleStateChanges(PartitionStateMachine.scala:238)
	at kafka.controller.ZkPartitionStateMachine.handleStateChanges(PartitionStateMachine.scala:158)
	at kafka.controller.PartitionStateMachine.triggerOnlineStateChangeForPartitions(PartitionStateMachine.scala:74)
	at kafka.controller.PartitionStateMachine.triggerOnlinePartitionStateChange(PartitionStateMachine.scala:59)
	at kafka.controller.PartitionStateMachine.startup(PartitionStateMachine.scala:42)
	at kafka.controller.KafkaController.onControllerFailover(KafkaController.scala:262)
	at kafka.controller.KafkaController.elect(KafkaController.scala:1520)
	at kafka.controller.KafkaController.processReelect(KafkaController.scala:2445)
	at kafka.controller.KafkaController.process(KafkaController.scala:2490)
	at kafka.controller.QueuedEvent.process(ControllerEventManager.scala:52)
	at kafka.controller.ControllerEventManager$ControllerEventThread.process$1(ControllerEventManager.scala:130)
	at kafka.controller.ControllerEventManager$ControllerEventThread.$anonfun$doWork$1(ControllerEventManager.scala:133)
	at scala.runtime.java8.JFunction0$mcV$sp.apply(JFunction0$mcV$sp.scala:18)
	at kafka.metrics.KafkaTimer.time(KafkaTimer.scala:31)
	at kafka.controller.ControllerEventManager$ControllerEventThread.doWork(ControllerEventManager.scala:133)
	at kafka.utils.ShutdownableThread.run(ShutdownableThread.scala:96)
[2022-03-16 15:32:44,494] ERROR [Controller id=3 epoch=3] Controller 3 epoch 3 failed to change state for partition __consumer_offsets-43 from OfflinePartition to OnlinePartition (state.change.logger)
kafka.common.StateChangeFailedException: Failed to elect leader for partition __consumer_offsets-43 under strategy OfflinePartitionLeaderElectionStrategy(false)
	at kafka.controller.ZkPartitionStateMachine.$anonfun$doElectLeaderForPartitions$7(PartitionStateMachine.scala:424)
	at scala.collection.IterableOnceOps.foreach(IterableOnce.scala:563)
	at scala.collection.IterableOnceOps.foreach$(IterableOnce.scala:561)
	at scala.collection.AbstractIterable.foreach(Iterable.scala:919)
	at kafka.controller.ZkPartitionStateMachine.doElectLeaderForPartitions(PartitionStateMachine.scala:421)
	at kafka.controller.ZkPartitionStateMachine.electLeaderForPartitions(PartitionStateMachine.scala:332)
	at kafka.controller.ZkPartitionStateMachine.doHandleStateChanges(PartitionStateMachine.scala:238)
	at kafka.controller.ZkPartitionStateMachine.handleStateChanges(PartitionStateMachine.scala:158)
	at kafka.controller.PartitionStateMachine.triggerOnlineStateChangeForPartitions(PartitionStateMachine.scala:74)
	at kafka.controller.PartitionStateMachine.triggerOnlinePartitionStateChange(PartitionStateMachine.scala:59)
	at kafka.controller.PartitionStateMachine.startup(PartitionStateMachine.scala:42)
	at kafka.controller.KafkaController.onControllerFailover(KafkaController.scala:262)
	at kafka.controller.KafkaController.elect(KafkaController.scala:1520)
	at kafka.controller.KafkaController.processReelect(KafkaController.scala:2445)
	at kafka.controller.KafkaController.process(KafkaController.scala:2490)
	at kafka.controller.QueuedEvent.process(ControllerEventManager.scala:52)
	at kafka.controller.ControllerEventManager$ControllerEventThread.process$1(ControllerEventManager.scala:130)
	at kafka.controller.ControllerEventManager$ControllerEventThread.$anonfun$doWork$1(ControllerEventManager.scala:133)
	at scala.runtime.java8.JFunction0$mcV$sp.apply(JFunction0$mcV$sp.scala:18)
	at kafka.metrics.KafkaTimer.time(KafkaTimer.scala:31)
	at kafka.controller.ControllerEventManager$ControllerEventThread.doWork(ControllerEventManager.scala:133)
	at kafka.utils.ShutdownableThread.run(ShutdownableThread.scala:96)
[2022-03-16 15:32:44,494] ERROR [Controller id=3 epoch=3] Controller 3 epoch 3 failed to change state for partition __consumer_offsets-1 from OfflinePartition to OnlinePartition (state.change.logger)
kafka.common.StateChangeFailedException: Failed to elect leader for partition __consumer_offsets-1 under strategy OfflinePartitionLeaderElectionStrategy(false)
	at kafka.controller.ZkPartitionStateMachine.$anonfun$doElectLeaderForPartitions$7(PartitionStateMachine.scala:424)
	at scala.collection.IterableOnceOps.foreach(IterableOnce.scala:563)
	at scala.collection.IterableOnceOps.foreach$(IterableOnce.scala:561)
	at scala.collection.AbstractIterable.foreach(Iterable.scala:919)
	at kafka.controller.ZkPartitionStateMachine.doElectLeaderForPartitions(PartitionStateMachine.scala:421)
	at kafka.controller.ZkPartitionStateMachine.electLeaderForPartitions(PartitionStateMachine.scala:332)
	at kafka.controller.ZkPartitionStateMachine.doHandleStateChanges(PartitionStateMachine.scala:238)
	at kafka.controller.ZkPartitionStateMachine.handleStateChanges(PartitionStateMachine.scala:158)
	at kafka.controller.PartitionStateMachine.triggerOnlineStateChangeForPartitions(PartitionStateMachine.scala:74)
	at kafka.controller.PartitionStateMachine.triggerOnlinePartitionStateChange(PartitionStateMachine.scala:59)
	at kafka.controller.PartitionStateMachine.startup(PartitionStateMachine.scala:42)
	at kafka.controller.KafkaController.onControllerFailover(KafkaController.scala:262)
	at kafka.controller.KafkaController.elect(KafkaController.scala:1520)
	at kafka.controller.KafkaController.processReelect(KafkaController.scala:2445)
	at kafka.controller.KafkaController.process(KafkaController.scala:2490)
	at kafka.controller.QueuedEvent.process(ControllerEventManager.scala:52)
	at kafka.controller.ControllerEventManager$ControllerEventThread.process$1(ControllerEventManager.scala:130)
	at kafka.controller.ControllerEventManager$ControllerEventThread.$anonfun$doWork$1(ControllerEventManager.scala:133)
	at scala.runtime.java8.JFunction0$mcV$sp.apply(JFunction0$mcV$sp.scala:18)
	at kafka.metrics.KafkaTimer.time(KafkaTimer.scala:31)
	at kafka.controller.ControllerEventManager$ControllerEventThread.doWork(ControllerEventManager.scala:133)
	at kafka.utils.ShutdownableThread.run(ShutdownableThread.scala:96)
[2022-03-16 15:32:44,494] ERROR [Controller id=3 epoch=3] Controller 3 epoch 3 failed to change state for partition __consumer_offsets-34 from OfflinePartition to OnlinePartition (state.change.logger)
kafka.common.StateChangeFailedException: Failed to elect leader for partition __consumer_offsets-34 under strategy OfflinePartitionLeaderElectionStrategy(false)
	at kafka.controller.ZkPartitionStateMachine.$anonfun$doElectLeaderForPartitions$7(PartitionStateMachine.scala:424)
	at scala.collection.IterableOnceOps.foreach(IterableOnce.scala:563)
	at scala.collection.IterableOnceOps.foreach$(IterableOnce.scala:561)
	at scala.collection.AbstractIterable.foreach(Iterable.scala:919)
	at kafka.controller.ZkPartitionStateMachine.doElectLeaderForPartitions(PartitionStateMachine.scala:421)
	at kafka.controller.ZkPartitionStateMachine.electLeaderForPartitions(PartitionStateMachine.scala:332)
	at kafka.controller.ZkPartitionStateMachine.doHandleStateChanges(PartitionStateMachine.scala:238)
	at kafka.controller.ZkPartitionStateMachine.handleStateChanges(PartitionStateMachine.scala:158)
	at kafka.controller.PartitionStateMachine.triggerOnlineStateChangeForPartitions(PartitionStateMachine.scala:74)
	at kafka.controller.PartitionStateMachine.triggerOnlinePartitionStateChange(PartitionStateMachine.scala:59)
	at kafka.controller.PartitionStateMachine.startup(PartitionStateMachine.scala:42)
	at kafka.controller.KafkaController.onControllerFailover(KafkaController.scala:262)
	at kafka.controller.KafkaController.elect(KafkaController.scala:1520)
	at kafka.controller.KafkaController.processReelect(KafkaController.scala:2445)
	at kafka.controller.KafkaController.process(KafkaController.scala:2490)
	at kafka.controller.QueuedEvent.process(ControllerEventManager.scala:52)
	at kafka.controller.ControllerEventManager$ControllerEventThread.process$1(ControllerEventManager.scala:130)
	at kafka.controller.ControllerEventManager$ControllerEventThread.$anonfun$doWork$1(ControllerEventManager.scala:133)
	at scala.runtime.java8.JFunction0$mcV$sp.apply(JFunction0$mcV$sp.scala:18)
	at kafka.metrics.KafkaTimer.time(KafkaTimer.scala:31)
	at kafka.controller.ControllerEventManager$ControllerEventThread.doWork(ControllerEventManager.scala:133)
	at kafka.utils.ShutdownableThread.run(ShutdownableThread.scala:96)
[2022-03-16 15:32:44,495] ERROR [Controller id=3 epoch=3] Controller 3 epoch 3 failed to change state for partition __consumer_offsets-7 from OfflinePartition to OnlinePartition (state.change.logger)
kafka.common.StateChangeFailedException: Failed to elect leader for partition __consumer_offsets-7 under strategy OfflinePartitionLeaderElectionStrategy(false)
	at kafka.controller.ZkPartitionStateMachine.$anonfun$doElectLeaderForPartitions$7(PartitionStateMachine.scala:424)
	at scala.collection.IterableOnceOps.foreach(IterableOnce.scala:563)
	at scala.collection.IterableOnceOps.foreach$(IterableOnce.scala:561)
	at scala.collection.AbstractIterable.foreach(Iterable.scala:919)
	at kafka.controller.ZkPartitionStateMachine.doElectLeaderForPartitions(PartitionStateMachine.scala:421)
	at kafka.controller.ZkPartitionStateMachine.electLeaderForPartitions(PartitionStateMachine.scala:332)
	at kafka.controller.ZkPartitionStateMachine.doHandleStateChanges(PartitionStateMachine.scala:238)
	at kafka.controller.ZkPartitionStateMachine.handleStateChanges(PartitionStateMachine.scala:158)
	at kafka.controller.PartitionStateMachine.triggerOnlineStateChangeForPartitions(PartitionStateMachine.scala:74)
	at kafka.controller.PartitionStateMachine.triggerOnlinePartitionStateChange(PartitionStateMachine.scala:59)
	at kafka.controller.PartitionStateMachine.startup(PartitionStateMachine.scala:42)
	at kafka.controller.KafkaController.onControllerFailover(KafkaController.scala:262)
	at kafka.controller.KafkaController.elect(KafkaController.scala:1520)
	at kafka.controller.KafkaController.processReelect(KafkaController.scala:2445)
	at kafka.controller.KafkaController.process(KafkaController.scala:2490)
	at kafka.controller.QueuedEvent.process(ControllerEventManager.scala:52)
	at kafka.controller.ControllerEventManager$ControllerEventThread.process$1(ControllerEventManager.scala:130)
	at kafka.controller.ControllerEventManager$ControllerEventThread.$anonfun$doWork$1(ControllerEventManager.scala:133)
	at scala.runtime.java8.JFunction0$mcV$sp.apply(JFunction0$mcV$sp.scala:18)
	at kafka.metrics.KafkaTimer.time(KafkaTimer.scala:31)
	at kafka.controller.ControllerEventManager$ControllerEventThread.doWork(ControllerEventManager.scala:133)
	at kafka.utils.ShutdownableThread.run(ShutdownableThread.scala:96)
[2022-03-16 15:32:44,495] ERROR [Controller id=3 epoch=3] Controller 3 epoch 3 failed to change state for partition __consumer_offsets-46 from OfflinePartition to OnlinePartition (state.change.logger)
kafka.common.StateChangeFailedException: Failed to elect leader for partition __consumer_offsets-46 under strategy OfflinePartitionLeaderElectionStrategy(false)
	at kafka.controller.ZkPartitionStateMachine.$anonfun$doElectLeaderForPartitions$7(PartitionStateMachine.scala:424)
	at scala.collection.IterableOnceOps.foreach(IterableOnce.scala:563)
	at scala.collection.IterableOnceOps.foreach$(IterableOnce.scala:561)
	at scala.collection.AbstractIterable.foreach(Iterable.scala:919)
	at kafka.controller.ZkPartitionStateMachine.doElectLeaderForPartitions(PartitionStateMachine.scala:421)
	at kafka.controller.ZkPartitionStateMachine.electLeaderForPartitions(PartitionStateMachine.scala:332)
	at kafka.controller.ZkPartitionStateMachine.doHandleStateChanges(PartitionStateMachine.scala:238)
	at kafka.controller.ZkPartitionStateMachine.handleStateChanges(PartitionStateMachine.scala:158)
	at kafka.controller.PartitionStateMachine.triggerOnlineStateChangeForPartitions(PartitionStateMachine.scala:74)
	at kafka.controller.PartitionStateMachine.triggerOnlinePartitionStateChange(PartitionStateMachine.scala:59)
	at kafka.controller.PartitionStateMachine.startup(PartitionStateMachine.scala:42)
	at kafka.controller.KafkaController.onControllerFailover(KafkaController.scala:262)
	at kafka.controller.KafkaController.elect(KafkaController.scala:1520)
	at kafka.controller.KafkaController.processReelect(KafkaController.scala:2445)
	at kafka.controller.KafkaController.process(KafkaController.scala:2490)
	at kafka.controller.QueuedEvent.process(ControllerEventManager.scala:52)
	at kafka.controller.ControllerEventManager$ControllerEventThread.process$1(ControllerEventManager.scala:130)
	at kafka.controller.ControllerEventManager$ControllerEventThread.$anonfun$doWork$1(ControllerEventManager.scala:133)
	at scala.runtime.java8.JFunction0$mcV$sp.apply(JFunction0$mcV$sp.scala:18)
	at kafka.metrics.KafkaTimer.time(KafkaTimer.scala:31)
	at kafka.controller.ControllerEventManager$ControllerEventThread.doWork(ControllerEventManager.scala:133)
	at kafka.utils.ShutdownableThread.run(ShutdownableThread.scala:96)
[2022-03-16 15:32:44,495] ERROR [Controller id=3 epoch=3] Controller 3 epoch 3 failed to change state for partition __consumer_offsets-16 from OfflinePartition to OnlinePartition (state.change.logger)
kafka.common.StateChangeFailedException: Failed to elect leader for partition __consumer_offsets-16 under strategy OfflinePartitionLeaderElectionStrategy(false)
	at kafka.controller.ZkPartitionStateMachine.$anonfun$doElectLeaderForPartitions$7(PartitionStateMachine.scala:424)
	at scala.collection.IterableOnceOps.foreach(IterableOnce.scala:563)
	at scala.collection.IterableOnceOps.foreach$(IterableOnce.scala:561)
	at scala.collection.AbstractIterable.foreach(Iterable.scala:919)
	at kafka.controller.ZkPartitionStateMachine.doElectLeaderForPartitions(PartitionStateMachine.scala:421)
	at kafka.controller.ZkPartitionStateMachine.electLeaderForPartitions(PartitionStateMachine.scala:332)
	at kafka.controller.ZkPartitionStateMachine.doHandleStateChanges(PartitionStateMachine.scala:238)
	at kafka.controller.ZkPartitionStateMachine.handleStateChanges(PartitionStateMachine.scala:158)
	at kafka.controller.PartitionStateMachine.triggerOnlineStateChangeForPartitions(PartitionStateMachine.scala:74)
	at kafka.controller.PartitionStateMachine.triggerOnlinePartitionStateChange(PartitionStateMachine.scala:59)
	at kafka.controller.PartitionStateMachine.startup(PartitionStateMachine.scala:42)
	at kafka.controller.KafkaController.onControllerFailover(KafkaController.scala:262)
	at kafka.controller.KafkaController.elect(KafkaController.scala:1520)
	at kafka.controller.KafkaController.processReelect(KafkaController.scala:2445)
	at kafka.controller.KafkaController.process(KafkaController.scala:2490)
	at kafka.controller.QueuedEvent.process(ControllerEventManager.scala:52)
	at kafka.controller.ControllerEventManager$ControllerEventThread.process$1(ControllerEventManager.scala:130)
	at kafka.controller.ControllerEventManager$ControllerEventThread.$anonfun$doWork$1(ControllerEventManager.scala:133)
	at scala.runtime.java8.JFunction0$mcV$sp.apply(JFunction0$mcV$sp.scala:18)
	at kafka.metrics.KafkaTimer.time(KafkaTimer.scala:31)
	at kafka.controller.ControllerEventManager$ControllerEventThread.doWork(ControllerEventManager.scala:133)
	at kafka.utils.ShutdownableThread.run(ShutdownableThread.scala:96)
[2022-03-16 15:32:44,496] ERROR [Controller id=3 epoch=3] Controller 3 epoch 3 failed to change state for partition __consumer_offsets-28 from OfflinePartition to OnlinePartition (state.change.logger)
kafka.common.StateChangeFailedException: Failed to elect leader for partition __consumer_offsets-28 under strategy OfflinePartitionLeaderElectionStrategy(false)
	at kafka.controller.ZkPartitionStateMachine.$anonfun$doElectLeaderForPartitions$7(PartitionStateMachine.scala:424)
	at scala.collection.IterableOnceOps.foreach(IterableOnce.scala:563)
	at scala.collection.IterableOnceOps.foreach$(IterableOnce.scala:561)
	at scala.collection.AbstractIterable.foreach(Iterable.scala:919)
	at kafka.controller.ZkPartitionStateMachine.doElectLeaderForPartitions(PartitionStateMachine.scala:421)
	at kafka.controller.ZkPartitionStateMachine.electLeaderForPartitions(PartitionStateMachine.scala:332)
	at kafka.controller.ZkPartitionStateMachine.doHandleStateChanges(PartitionStateMachine.scala:238)
	at kafka.controller.ZkPartitionStateMachine.handleStateChanges(PartitionStateMachine.scala:158)
	at kafka.controller.PartitionStateMachine.triggerOnlineStateChangeForPartitions(PartitionStateMachine.scala:74)
	at kafka.controller.PartitionStateMachine.triggerOnlinePartitionStateChange(PartitionStateMachine.scala:59)
	at kafka.controller.PartitionStateMachine.startup(PartitionStateMachine.scala:42)
	at kafka.controller.KafkaController.onControllerFailover(KafkaController.scala:262)
	at kafka.controller.KafkaController.elect(KafkaController.scala:1520)
	at kafka.controller.KafkaController.processReelect(KafkaController.scala:2445)
	at kafka.controller.KafkaController.process(KafkaController.scala:2490)
	at kafka.controller.QueuedEvent.process(ControllerEventManager.scala:52)
	at kafka.controller.ControllerEventManager$ControllerEventThread.process$1(ControllerEventManager.scala:130)
	at kafka.controller.ControllerEventManager$ControllerEventThread.$anonfun$doWork$1(ControllerEventManager.scala:133)
	at scala.runtime.java8.JFunction0$mcV$sp.apply(JFunction0$mcV$sp.scala:18)
	at kafka.metrics.KafkaTimer.time(KafkaTimer.scala:31)
	at kafka.controller.ControllerEventManager$ControllerEventThread.doWork(ControllerEventManager.scala:133)
	at kafka.utils.ShutdownableThread.run(ShutdownableThread.scala:96)
[2022-03-16 15:32:44,496] ERROR [Controller id=3 epoch=3] Controller 3 epoch 3 failed to change state for partition first_topic-1 from OfflinePartition to OnlinePartition (state.change.logger)
kafka.common.StateChangeFailedException: Failed to elect leader for partition first_topic-1 under strategy OfflinePartitionLeaderElectionStrategy(false)
	at kafka.controller.ZkPartitionStateMachine.$anonfun$doElectLeaderForPartitions$7(PartitionStateMachine.scala:424)
	at scala.collection.IterableOnceOps.foreach(IterableOnce.scala:563)
	at scala.collection.IterableOnceOps.foreach$(IterableOnce.scala:561)
	at scala.collection.AbstractIterable.foreach(Iterable.scala:919)
	at kafka.controller.ZkPartitionStateMachine.doElectLeaderForPartitions(PartitionStateMachine.scala:421)
	at kafka.controller.ZkPartitionStateMachine.electLeaderForPartitions(PartitionStateMachine.scala:332)
	at kafka.controller.ZkPartitionStateMachine.doHandleStateChanges(PartitionStateMachine.scala:238)
	at kafka.controller.ZkPartitionStateMachine.handleStateChanges(PartitionStateMachine.scala:158)
	at kafka.controller.PartitionStateMachine.triggerOnlineStateChangeForPartitions(PartitionStateMachine.scala:74)
	at kafka.controller.PartitionStateMachine.triggerOnlinePartitionStateChange(PartitionStateMachine.scala:59)
	at kafka.controller.PartitionStateMachine.startup(PartitionStateMachine.scala:42)
	at kafka.controller.KafkaController.onControllerFailover(KafkaController.scala:262)
	at kafka.controller.KafkaController.elect(KafkaController.scala:1520)
	at kafka.controller.KafkaController.processReelect(KafkaController.scala:2445)
	at kafka.controller.KafkaController.process(KafkaController.scala:2490)
	at kafka.controller.QueuedEvent.process(ControllerEventManager.scala:52)
	at kafka.controller.ControllerEventManager$ControllerEventThread.process$1(ControllerEventManager.scala:130)
	at kafka.controller.ControllerEventManager$ControllerEventThread.$anonfun$doWork$1(ControllerEventManager.scala:133)
	at scala.runtime.java8.JFunction0$mcV$sp.apply(JFunction0$mcV$sp.scala:18)
	at kafka.metrics.KafkaTimer.time(KafkaTimer.scala:31)
	at kafka.controller.ControllerEventManager$ControllerEventThread.doWork(ControllerEventManager.scala:133)
	at kafka.utils.ShutdownableThread.run(ShutdownableThread.scala:96)
[2022-03-16 15:32:44,496] ERROR [Controller id=3 epoch=3] Controller 3 epoch 3 failed to change state for partition __consumer_offsets-31 from OfflinePartition to OnlinePartition (state.change.logger)
kafka.common.StateChangeFailedException: Failed to elect leader for partition __consumer_offsets-31 under strategy OfflinePartitionLeaderElectionStrategy(false)
	at kafka.controller.ZkPartitionStateMachine.$anonfun$doElectLeaderForPartitions$7(PartitionStateMachine.scala:424)
	at scala.collection.IterableOnceOps.foreach(IterableOnce.scala:563)
	at scala.collection.IterableOnceOps.foreach$(IterableOnce.scala:561)
	at scala.collection.AbstractIterable.foreach(Iterable.scala:919)
	at kafka.controller.ZkPartitionStateMachine.doElectLeaderForPartitions(PartitionStateMachine.scala:421)
	at kafka.controller.ZkPartitionStateMachine.electLeaderForPartitions(PartitionStateMachine.scala:332)
	at kafka.controller.ZkPartitionStateMachine.doHandleStateChanges(PartitionStateMachine.scala:238)
	at kafka.controller.ZkPartitionStateMachine.handleStateChanges(PartitionStateMachine.scala:158)
	at kafka.controller.PartitionStateMachine.triggerOnlineStateChangeForPartitions(PartitionStateMachine.scala:74)
	at kafka.controller.PartitionStateMachine.triggerOnlinePartitionStateChange(PartitionStateMachine.scala:59)
	at kafka.controller.PartitionStateMachine.startup(PartitionStateMachine.scala:42)
	at kafka.controller.KafkaController.onControllerFailover(KafkaController.scala:262)
	at kafka.controller.KafkaController.elect(KafkaController.scala:1520)
	at kafka.controller.KafkaController.processReelect(KafkaController.scala:2445)
	at kafka.controller.KafkaController.process(KafkaController.scala:2490)
	at kafka.controller.QueuedEvent.process(ControllerEventManager.scala:52)
	at kafka.controller.ControllerEventManager$ControllerEventThread.process$1(ControllerEventManager.scala:130)
	at kafka.controller.ControllerEventManager$ControllerEventThread.$anonfun$doWork$1(ControllerEventManager.scala:133)
	at scala.runtime.java8.JFunction0$mcV$sp.apply(JFunction0$mcV$sp.scala:18)
	at kafka.metrics.KafkaTimer.time(KafkaTimer.scala:31)
	at kafka.controller.ControllerEventManager$ControllerEventThread.doWork(ControllerEventManager.scala:133)
	at kafka.utils.ShutdownableThread.run(ShutdownableThread.scala:96)
[2022-03-16 15:32:44,496] ERROR [Controller id=3 epoch=3] Controller 3 epoch 3 failed to change state for partition __consumer_offsets-10 from OfflinePartition to OnlinePartition (state.change.logger)
kafka.common.StateChangeFailedException: Failed to elect leader for partition __consumer_offsets-10 under strategy OfflinePartitionLeaderElectionStrategy(false)
	at kafka.controller.ZkPartitionStateMachine.$anonfun$doElectLeaderForPartitions$7(PartitionStateMachine.scala:424)
	at scala.collection.IterableOnceOps.foreach(IterableOnce.scala:563)
	at scala.collection.IterableOnceOps.foreach$(IterableOnce.scala:561)
	at scala.collection.AbstractIterable.foreach(Iterable.scala:919)
	at kafka.controller.ZkPartitionStateMachine.doElectLeaderForPartitions(PartitionStateMachine.scala:421)
	at kafka.controller.ZkPartitionStateMachine.electLeaderForPartitions(PartitionStateMachine.scala:332)
	at kafka.controller.ZkPartitionStateMachine.doHandleStateChanges(PartitionStateMachine.scala:238)
	at kafka.controller.ZkPartitionStateMachine.handleStateChanges(PartitionStateMachine.scala:158)
	at kafka.controller.PartitionStateMachine.triggerOnlineStateChangeForPartitions(PartitionStateMachine.scala:74)
	at kafka.controller.PartitionStateMachine.triggerOnlinePartitionStateChange(PartitionStateMachine.scala:59)
	at kafka.controller.PartitionStateMachine.startup(PartitionStateMachine.scala:42)
	at kafka.controller.KafkaController.onControllerFailover(KafkaController.scala:262)
	at kafka.controller.KafkaController.elect(KafkaController.scala:1520)
	at kafka.controller.KafkaController.processReelect(KafkaController.scala:2445)
	at kafka.controller.KafkaController.process(KafkaController.scala:2490)
	at kafka.controller.QueuedEvent.process(ControllerEventManager.scala:52)
	at kafka.controller.ControllerEventManager$ControllerEventThread.process$1(ControllerEventManager.scala:130)
	at kafka.controller.ControllerEventManager$ControllerEventThread.$anonfun$doWork$1(ControllerEventManager.scala:133)
	at scala.runtime.java8.JFunction0$mcV$sp.apply(JFunction0$mcV$sp.scala:18)
	at kafka.metrics.KafkaTimer.time(KafkaTimer.scala:31)
	at kafka.controller.ControllerEventManager$ControllerEventThread.doWork(ControllerEventManager.scala:133)
	at kafka.utils.ShutdownableThread.run(ShutdownableThread.scala:96)
[2022-03-16 15:32:44,497] ERROR [Controller id=3 epoch=3] Controller 3 epoch 3 failed to change state for partition __consumer_offsets-40 from OfflinePartition to OnlinePartition (state.change.logger)
kafka.common.StateChangeFailedException: Failed to elect leader for partition __consumer_offsets-40 under strategy OfflinePartitionLeaderElectionStrategy(false)
	at kafka.controller.ZkPartitionStateMachine.$anonfun$doElectLeaderForPartitions$7(PartitionStateMachine.scala:424)
	at scala.collection.IterableOnceOps.foreach(IterableOnce.scala:563)
	at scala.collection.IterableOnceOps.foreach$(IterableOnce.scala:561)
	at scala.collection.AbstractIterable.foreach(Iterable.scala:919)
	at kafka.controller.ZkPartitionStateMachine.doElectLeaderForPartitions(PartitionStateMachine.scala:421)
	at kafka.controller.ZkPartitionStateMachine.electLeaderForPartitions(PartitionStateMachine.scala:332)
	at kafka.controller.ZkPartitionStateMachine.doHandleStateChanges(PartitionStateMachine.scala:238)
	at kafka.controller.ZkPartitionStateMachine.handleStateChanges(PartitionStateMachine.scala:158)
	at kafka.controller.PartitionStateMachine.triggerOnlineStateChangeForPartitions(PartitionStateMachine.scala:74)
	at kafka.controller.PartitionStateMachine.triggerOnlinePartitionStateChange(PartitionStateMachine.scala:59)
	at kafka.controller.PartitionStateMachine.startup(PartitionStateMachine.scala:42)
	at kafka.controller.KafkaController.onControllerFailover(KafkaController.scala:262)
	at kafka.controller.KafkaController.elect(KafkaController.scala:1520)
	at kafka.controller.KafkaController.processReelect(KafkaController.scala:2445)
	at kafka.controller.KafkaController.process(KafkaController.scala:2490)
	at kafka.controller.QueuedEvent.process(ControllerEventManager.scala:52)
	at kafka.controller.ControllerEventManager$ControllerEventThread.process$1(ControllerEventManager.scala:130)
	at kafka.controller.ControllerEventManager$ControllerEventThread.$anonfun$doWork$1(ControllerEventManager.scala:133)
	at scala.runtime.java8.JFunction0$mcV$sp.apply(JFunction0$mcV$sp.scala:18)
	at kafka.metrics.KafkaTimer.time(KafkaTimer.scala:31)
	at kafka.controller.ControllerEventManager$ControllerEventThread.doWork(ControllerEventManager.scala:133)
	at kafka.utils.ShutdownableThread.run(ShutdownableThread.scala:96)
[2022-03-16 15:32:44,498] INFO [Controller id=3 epoch=3] Sending UpdateMetadata request to brokers HashSet() for 0 partitions (state.change.logger)
[2022-03-16 15:33:18,338] INFO [Controller id=3 epoch=3] Sending UpdateMetadata request to brokers HashSet(2, 3) for 0 partitions (state.change.logger)
[2022-03-16 15:33:18,340] INFO [Controller id=3 epoch=3] Sending UpdateMetadata request to brokers HashSet(1) for 60 partitions (state.change.logger)
[2022-03-16 15:33:18,345] INFO [Controller id=3 epoch=3] Sending LeaderAndIsr request to broker 1 with 0 become-leader and 26 become-follower partitions (state.change.logger)
[2022-03-16 15:33:18,345] INFO [Controller id=3 epoch=3] Sending UpdateMetadata request to brokers HashSet(1, 2, 3) for 26 partitions (state.change.logger)
[2022-03-16 15:33:18,346] INFO [Broker id=3] Add 26 partitions and deleted 0 partitions from metadata cache in response to UpdateMetadata request sent by controller 3 epoch 3 with correlation id 6 (state.change.logger)
[2022-03-16 15:33:18,377] INFO [Controller id=3 epoch=3] Changed partition __consumer_offsets-22 from OfflinePartition to OnlinePartition with state LeaderAndIsr(leader=1, leaderEpoch=2, isr=List(1), zkVersion=2) (state.change.logger)
[2022-03-16 15:33:18,377] INFO [Controller id=3 epoch=3] Changed partition __consumer_offsets-4 from OfflinePartition to OnlinePartition with state LeaderAndIsr(leader=1, leaderEpoch=2, isr=List(1), zkVersion=2) (state.change.logger)
[2022-03-16 15:33:18,377] INFO [Controller id=3 epoch=3] Changed partition first_topic-2 from OfflinePartition to OnlinePartition with state LeaderAndIsr(leader=1, leaderEpoch=2, isr=List(1), zkVersion=2) (state.change.logger)
[2022-03-16 15:33:18,377] INFO [Controller id=3 epoch=3] Changed partition __consumer_offsets-25 from OfflinePartition to OnlinePartition with state LeaderAndIsr(leader=1, leaderEpoch=2, isr=List(1), zkVersion=2) (state.change.logger)
[2022-03-16 15:33:18,377] INFO [Controller id=3 epoch=3] Changed partition __consumer_offsets-49 from OfflinePartition to OnlinePartition with state LeaderAndIsr(leader=1, leaderEpoch=2, isr=List(1), zkVersion=2) (state.change.logger)
[2022-03-16 15:33:18,377] INFO [Controller id=3 epoch=3] Changed partition __consumer_offsets-37 from OfflinePartition to OnlinePartition with state LeaderAndIsr(leader=1, leaderEpoch=2, isr=List(1), zkVersion=2) (state.change.logger)
[2022-03-16 15:33:18,377] INFO [Controller id=3 epoch=3] Changed partition first_topic-0 from OfflinePartition to OnlinePartition with state LeaderAndIsr(leader=1, leaderEpoch=2, isr=List(1), zkVersion=2) (state.change.logger)
[2022-03-16 15:33:18,377] INFO [Controller id=3 epoch=3] Changed partition __consumer_offsets-19 from OfflinePartition to OnlinePartition with state LeaderAndIsr(leader=1, leaderEpoch=2, isr=List(1), zkVersion=2) (state.change.logger)
[2022-03-16 15:33:18,377] INFO [Controller id=3 epoch=3] Changed partition __consumer_offsets-13 from OfflinePartition to OnlinePartition with state LeaderAndIsr(leader=1, leaderEpoch=2, isr=List(1), zkVersion=2) (state.change.logger)
[2022-03-16 15:33:18,377] INFO [Controller id=3 epoch=3] Changed partition __consumer_offsets-43 from OfflinePartition to OnlinePartition with state LeaderAndIsr(leader=1, leaderEpoch=2, isr=List(1), zkVersion=2) (state.change.logger)
[2022-03-16 15:33:18,377] INFO [Controller id=3 epoch=3] Changed partition __consumer_offsets-1 from OfflinePartition to OnlinePartition with state LeaderAndIsr(leader=1, leaderEpoch=2, isr=List(1), zkVersion=2) (state.change.logger)
[2022-03-16 15:33:18,377] INFO [Controller id=3 epoch=3] Changed partition __consumer_offsets-34 from OfflinePartition to OnlinePartition with state LeaderAndIsr(leader=1, leaderEpoch=2, isr=List(1), zkVersion=2) (state.change.logger)
[2022-03-16 15:33:18,377] INFO [Controller id=3 epoch=3] Changed partition __consumer_offsets-7 from OfflinePartition to OnlinePartition with state LeaderAndIsr(leader=1, leaderEpoch=2, isr=List(1), zkVersion=2) (state.change.logger)
[2022-03-16 15:33:18,377] INFO [Controller id=3 epoch=3] Changed partition __consumer_offsets-46 from OfflinePartition to OnlinePartition with state LeaderAndIsr(leader=1, leaderEpoch=2, isr=List(1), zkVersion=2) (state.change.logger)
[2022-03-16 15:33:18,377] INFO [Controller id=3 epoch=3] Changed partition __consumer_offsets-16 from OfflinePartition to OnlinePartition with state LeaderAndIsr(leader=1, leaderEpoch=2, isr=List(1), zkVersion=2) (state.change.logger)
[2022-03-16 15:33:18,377] INFO [Controller id=3 epoch=3] Changed partition __consumer_offsets-28 from OfflinePartition to OnlinePartition with state LeaderAndIsr(leader=1, leaderEpoch=2, isr=List(1), zkVersion=2) (state.change.logger)
[2022-03-16 15:33:18,377] INFO [Controller id=3 epoch=3] Changed partition first_topic-1 from OfflinePartition to OnlinePartition with state LeaderAndIsr(leader=1, leaderEpoch=2, isr=List(1), zkVersion=2) (state.change.logger)
[2022-03-16 15:33:18,377] INFO [Controller id=3 epoch=3] Changed partition __consumer_offsets-31 from OfflinePartition to OnlinePartition with state LeaderAndIsr(leader=1, leaderEpoch=2, isr=List(1), zkVersion=2) (state.change.logger)
[2022-03-16 15:33:18,377] INFO [Controller id=3 epoch=3] Changed partition __consumer_offsets-10 from OfflinePartition to OnlinePartition with state LeaderAndIsr(leader=1, leaderEpoch=2, isr=List(1), zkVersion=2) (state.change.logger)
[2022-03-16 15:33:18,377] INFO [Controller id=3 epoch=3] Changed partition __consumer_offsets-40 from OfflinePartition to OnlinePartition with state LeaderAndIsr(leader=1, leaderEpoch=2, isr=List(1), zkVersion=2) (state.change.logger)
[2022-03-16 15:33:18,377] INFO [Controller id=3 epoch=3] Sending LeaderAndIsr request to broker 1 with 20 become-leader and 0 become-follower partitions (state.change.logger)
[2022-03-16 15:33:18,377] INFO [Controller id=3 epoch=3] Sending UpdateMetadata request to brokers HashSet(1, 2, 3) for 20 partitions (state.change.logger)
[2022-03-16 15:33:18,379] INFO [Broker id=3] Add 20 partitions and deleted 0 partitions from metadata cache in response to UpdateMetadata request sent by controller 3 epoch 3 with correlation id 7 (state.change.logger)
[2022-03-16 15:33:18,742] INFO [Controller id=3 epoch=3] Sending UpdateMetadata request to brokers HashSet(1, 2, 3) for 1 partitions (state.change.logger)
[2022-03-16 15:33:18,743] INFO [Broker id=3] Add 1 partitions and deleted 0 partitions from metadata cache in response to UpdateMetadata request sent by controller 3 epoch 3 with correlation id 8 (state.change.logger)
[2022-03-16 15:33:18,751] INFO [Controller id=3 epoch=3] Sending UpdateMetadata request to brokers HashSet(1, 2, 3) for 1 partitions (state.change.logger)
[2022-03-16 15:33:18,752] INFO [Broker id=3] Add 1 partitions and deleted 0 partitions from metadata cache in response to UpdateMetadata request sent by controller 3 epoch 3 with correlation id 9 (state.change.logger)
[2022-03-16 15:33:18,761] INFO [Controller id=3 epoch=3] Sending UpdateMetadata request to brokers HashSet(1, 2, 3) for 2 partitions (state.change.logger)
[2022-03-16 15:33:18,763] INFO [Broker id=3] Add 2 partitions and deleted 0 partitions from metadata cache in response to UpdateMetadata request sent by controller 3 epoch 3 with correlation id 10 (state.change.logger)
[2022-03-16 15:33:18,771] INFO [Controller id=3 epoch=3] Sending UpdateMetadata request to brokers HashSet(1, 2, 3) for 2 partitions (state.change.logger)
[2022-03-16 15:33:18,773] INFO [Broker id=3] Add 2 partitions and deleted 0 partitions from metadata cache in response to UpdateMetadata request sent by controller 3 epoch 3 with correlation id 11 (state.change.logger)
