[2022-03-16 15:02:35,793] INFO [Broker id=2] Add 3 partitions and deleted 0 partitions from metadata cache in response to UpdateMetadata request sent by controller 1 epoch 2 with correlation id 0 (state.change.logger)
[2022-03-16 15:03:22,778] INFO [Broker id=2] Add 3 partitions and deleted 0 partitions from metadata cache in response to UpdateMetadata request sent by controller 1 epoch 2 with correlation id 0 (state.change.logger)
[2022-03-16 15:05:48,612] INFO [Broker id=2] Handling LeaderAndIsr request correlationId 2 from controller 1 for 3 partitions (state.change.logger)
[2022-03-16 15:05:48,650] INFO [Broker id=2] Stopped fetchers as part of LeaderAndIsr request correlationId 2 from controller 1 epoch 2 as part of the become-leader transition for 1 partitions (state.change.logger)
[2022-03-16 15:05:48,800] INFO [Broker id=2] Leader third_topic-0 starts at leader epoch 0 from offset 0 with high watermark 0 ISR [2,3,1] addingReplicas [] removingReplicas []. Previous leader epoch was -1. (state.change.logger)
[2022-03-16 15:05:48,829] INFO [Broker id=2] Follower third_topic-1 starts at leader epoch 0 from offset 0 with high watermark 0. Previous leader epoch was -1. (state.change.logger)
[2022-03-16 15:05:48,834] INFO [Broker id=2] Follower third_topic-2 starts at leader epoch 0 from offset 0 with high watermark 0. Previous leader epoch was -1. (state.change.logger)
[2022-03-16 15:05:48,835] INFO [Broker id=2] Stopped fetchers as part of become-follower request from controller 1 epoch 2 with correlation id 2 for 2 partitions (state.change.logger)
[2022-03-16 15:05:48,894] INFO [Broker id=2] Finished LeaderAndIsr request in 281ms correlationId 2 from controller 1 for 3 partitions (state.change.logger)
[2022-03-16 15:05:48,904] INFO [Broker id=2] Add 3 partitions and deleted 0 partitions from metadata cache in response to UpdateMetadata request sent by controller 1 epoch 2 with correlation id 3 (state.change.logger)
[2022-03-16 15:12:35,691] INFO [Broker id=2] Handling LeaderAndIsr request correlationId 4 from controller 1 for 1 partitions (state.change.logger)
[2022-03-16 15:12:35,702] INFO [Broker id=2] Stopped fetchers as part of LeaderAndIsr request correlationId 4 from controller 1 epoch 2 as part of the become-leader transition for 1 partitions (state.change.logger)
[2022-03-16 15:12:35,713] INFO [Broker id=2] Leader message-log-0 starts at leader epoch 0 from offset 0 with high watermark 0 ISR [2] addingReplicas [] removingReplicas []. Previous leader epoch was -1. (state.change.logger)
[2022-03-16 15:12:35,727] INFO [Broker id=2] Finished LeaderAndIsr request in 36ms correlationId 4 from controller 1 for 1 partitions (state.change.logger)
[2022-03-16 15:12:35,728] INFO [Broker id=2] Add 1 partitions and deleted 0 partitions from metadata cache in response to UpdateMetadata request sent by controller 1 epoch 2 with correlation id 5 (state.change.logger)
[2022-03-16 15:12:35,832] INFO [Broker id=2] Handling LeaderAndIsr request correlationId 6 from controller 1 for 16 partitions (state.change.logger)
[2022-03-16 15:12:35,855] INFO [Broker id=2] Stopped fetchers as part of LeaderAndIsr request correlationId 6 from controller 1 epoch 2 as part of the become-leader transition for 16 partitions (state.change.logger)
[2022-03-16 15:12:35,869] INFO [Broker id=2] Leader __consumer_offsets-35 starts at leader epoch 0 from offset 0 with high watermark 0 ISR [2] addingReplicas [] removingReplicas []. Previous leader epoch was -1. (state.change.logger)
[2022-03-16 15:12:35,894] INFO [Broker id=2] Leader __consumer_offsets-5 starts at leader epoch 0 from offset 0 with high watermark 0 ISR [2] addingReplicas [] removingReplicas []. Previous leader epoch was -1. (state.change.logger)
[2022-03-16 15:12:35,924] INFO [Broker id=2] Leader __consumer_offsets-20 starts at leader epoch 0 from offset 0 with high watermark 0 ISR [2] addingReplicas [] removingReplicas []. Previous leader epoch was -1. (state.change.logger)
[2022-03-16 15:12:35,958] INFO [Broker id=2] Leader __consumer_offsets-41 starts at leader epoch 0 from offset 0 with high watermark 0 ISR [2] addingReplicas [] removingReplicas []. Previous leader epoch was -1. (state.change.logger)
[2022-03-16 15:12:35,976] INFO [Broker id=2] Leader __consumer_offsets-29 starts at leader epoch 0 from offset 0 with high watermark 0 ISR [2] addingReplicas [] removingReplicas []. Previous leader epoch was -1. (state.change.logger)
[2022-03-16 15:12:35,996] INFO [Broker id=2] Leader __consumer_offsets-44 starts at leader epoch 0 from offset 0 with high watermark 0 ISR [2] addingReplicas [] removingReplicas []. Previous leader epoch was -1. (state.change.logger)
[2022-03-16 15:12:36,015] INFO [Broker id=2] Leader __consumer_offsets-14 starts at leader epoch 0 from offset 0 with high watermark 0 ISR [2] addingReplicas [] removingReplicas []. Previous leader epoch was -1. (state.change.logger)
[2022-03-16 15:12:36,033] INFO [Broker id=2] Leader __consumer_offsets-2 starts at leader epoch 0 from offset 0 with high watermark 0 ISR [2] addingReplicas [] removingReplicas []. Previous leader epoch was -1. (state.change.logger)
[2022-03-16 15:12:36,053] INFO [Broker id=2] Leader __consumer_offsets-23 starts at leader epoch 0 from offset 0 with high watermark 0 ISR [2] addingReplicas [] removingReplicas []. Previous leader epoch was -1. (state.change.logger)
[2022-03-16 15:12:36,074] INFO [Broker id=2] Leader __consumer_offsets-38 starts at leader epoch 0 from offset 0 with high watermark 0 ISR [2] addingReplicas [] removingReplicas []. Previous leader epoch was -1. (state.change.logger)
[2022-03-16 15:12:36,092] INFO [Broker id=2] Leader __consumer_offsets-8 starts at leader epoch 0 from offset 0 with high watermark 0 ISR [2] addingReplicas [] removingReplicas []. Previous leader epoch was -1. (state.change.logger)
[2022-03-16 15:12:36,112] INFO [Broker id=2] Leader __consumer_offsets-11 starts at leader epoch 0 from offset 0 with high watermark 0 ISR [2] addingReplicas [] removingReplicas []. Previous leader epoch was -1. (state.change.logger)
[2022-03-16 15:12:36,131] INFO [Broker id=2] Leader __consumer_offsets-26 starts at leader epoch 0 from offset 0 with high watermark 0 ISR [2] addingReplicas [] removingReplicas []. Previous leader epoch was -1. (state.change.logger)
[2022-03-16 15:12:36,150] INFO [Broker id=2] Leader __consumer_offsets-47 starts at leader epoch 0 from offset 0 with high watermark 0 ISR [2] addingReplicas [] removingReplicas []. Previous leader epoch was -1. (state.change.logger)
[2022-03-16 15:12:36,171] INFO [Broker id=2] Leader __consumer_offsets-17 starts at leader epoch 0 from offset 0 with high watermark 0 ISR [2] addingReplicas [] removingReplicas []. Previous leader epoch was -1. (state.change.logger)
[2022-03-16 15:12:36,188] INFO [Broker id=2] Leader __consumer_offsets-32 starts at leader epoch 0 from offset 0 with high watermark 0 ISR [2] addingReplicas [] removingReplicas []. Previous leader epoch was -1. (state.change.logger)
[2022-03-16 15:12:36,208] INFO [Broker id=2] Finished LeaderAndIsr request in 376ms correlationId 6 from controller 1 for 16 partitions (state.change.logger)
[2022-03-16 15:12:36,213] INFO [Broker id=2] Add 50 partitions and deleted 0 partitions from metadata cache in response to UpdateMetadata request sent by controller 1 epoch 2 with correlation id 7 (state.change.logger)
[2022-03-16 15:22:37,793] INFO [Broker id=2] Handling LeaderAndIsr request correlationId 8 from controller 1 for 3 partitions (state.change.logger)
[2022-03-16 15:22:37,798] INFO [Broker id=2] Stopped fetchers as part of LeaderAndIsr request correlationId 8 from controller 1 epoch 2 as part of the become-leader transition for 1 partitions (state.change.logger)
[2022-03-16 15:22:37,805] INFO [Broker id=2] Leader with_third_brokers-1 starts at leader epoch 0 from offset 0 with high watermark 0 ISR [2,1,3] addingReplicas [] removingReplicas []. Previous leader epoch was -1. (state.change.logger)
[2022-03-16 15:22:37,819] INFO [Broker id=2] Follower with_third_brokers-2 starts at leader epoch 0 from offset 0 with high watermark 0. Previous leader epoch was -1. (state.change.logger)
[2022-03-16 15:22:37,827] INFO [Broker id=2] Follower with_third_brokers-0 starts at leader epoch 0 from offset 0 with high watermark 0. Previous leader epoch was -1. (state.change.logger)
[2022-03-16 15:22:37,827] INFO [Broker id=2] Stopped fetchers as part of become-follower request from controller 1 epoch 2 with correlation id 8 for 2 partitions (state.change.logger)
[2022-03-16 15:22:37,829] INFO [Broker id=2] Finished LeaderAndIsr request in 36ms correlationId 8 from controller 1 for 3 partitions (state.change.logger)
[2022-03-16 15:22:37,833] INFO [Broker id=2] Add 3 partitions and deleted 0 partitions from metadata cache in response to UpdateMetadata request sent by controller 1 epoch 2 with correlation id 9 (state.change.logger)
[2022-03-16 15:32:42,989] INFO [Broker id=2] Handling LeaderAndIsr request correlationId 10 from controller 1 for 2 partitions (state.change.logger)
[2022-03-16 15:32:42,990] INFO [Broker id=2] Stopped fetchers as part of LeaderAndIsr request correlationId 10 from controller 1 epoch 2 as part of the become-leader transition for 1 partitions (state.change.logger)
[2022-03-16 15:32:42,992] INFO [Broker id=2] Leader third_topic-2 starts at leader epoch 1 from offset 0 with high watermark 0 ISR [2,3] addingReplicas [] removingReplicas []. Previous leader epoch was 0. (state.change.logger)
[2022-03-16 15:32:43,005] INFO [Broker id=2] Follower with_third_brokers-0 starts at leader epoch 1 from offset 0 with high watermark 0. Previous leader epoch was 0. (state.change.logger)
[2022-03-16 15:32:43,005] INFO [Broker id=2] Stopped fetchers as part of become-follower request from controller 1 epoch 2 with correlation id 10 for 1 partitions (state.change.logger)
[2022-03-16 15:32:43,019] INFO [Broker id=2] Finished LeaderAndIsr request in 31ms correlationId 10 from controller 1 for 2 partitions (state.change.logger)
[2022-03-16 15:32:43,022] INFO [Broker id=2] Add 2 partitions and deleted 0 partitions from metadata cache in response to UpdateMetadata request sent by controller 1 epoch 2 with correlation id 11 (state.change.logger)
[2022-03-16 15:32:43,029] INFO [Broker id=2] Handling LeaderAndIsr request correlationId 12 from controller 1 for 4 partitions (state.change.logger)
[2022-03-16 15:32:43,030] INFO [Broker id=2] Stopped fetchers as part of LeaderAndIsr request correlationId 12 from controller 1 epoch 2 as part of the become-leader transition for 2 partitions (state.change.logger)
[2022-03-16 15:32:43,031] INFO [Broker id=2] Leader third_topic-0 starts at leader epoch 1 from offset 0 with high watermark 0 ISR [2,3] addingReplicas [] removingReplicas []. Previous leader epoch was 0. (state.change.logger)
[2022-03-16 15:32:43,045] INFO [Broker id=2] Skipped the become-leader state change after marking its partition as leader with correlation id 12 from controller 1 epoch 2 for partition third_topic-0 (last update controller epoch 2) since it is already the leader for the partition. (state.change.logger)
[2022-03-16 15:32:43,045] INFO [Broker id=2] Leader with_third_brokers-1 starts at leader epoch 1 from offset 0 with high watermark 0 ISR [2,3] addingReplicas [] removingReplicas []. Previous leader epoch was 0. (state.change.logger)
[2022-03-16 15:32:43,056] INFO [Broker id=2] Skipped the become-leader state change after marking its partition as leader with correlation id 12 from controller 1 epoch 2 for partition with_third_brokers-1 (last update controller epoch 2) since it is already the leader for the partition. (state.change.logger)
[2022-03-16 15:32:43,056] INFO [Broker id=2] Follower third_topic-1 starts at leader epoch 1 from offset 0 with high watermark 0. Previous leader epoch was 0. (state.change.logger)
[2022-03-16 15:32:43,056] INFO [Broker id=2] Follower with_third_brokers-2 starts at leader epoch 1 from offset 0 with high watermark 0. Previous leader epoch was 0. (state.change.logger)
[2022-03-16 15:32:43,057] INFO [Broker id=2] Stopped fetchers as part of become-follower request from controller 1 epoch 2 with correlation id 12 for 2 partitions (state.change.logger)
[2022-03-16 15:32:43,059] INFO [Broker id=2] Finished LeaderAndIsr request in 30ms correlationId 12 from controller 1 for 4 partitions (state.change.logger)
[2022-03-16 15:32:43,060] INFO [Broker id=2] Add 4 partitions and deleted 0 partitions from metadata cache in response to UpdateMetadata request sent by controller 1 epoch 2 with correlation id 13 (state.change.logger)
[2022-03-16 15:32:44,428] INFO [Broker id=2] Handling LeaderAndIsr request correlationId 1 from controller 3 for 23 partitions (state.change.logger)
[2022-03-16 15:32:44,429] INFO [Broker id=2] Ignoring LeaderAndIsr request from controller 3 with correlation id 1 epoch 3 for partition third_topic-2 since its associated leader epoch 1 matches the current leader epoch (state.change.logger)
[2022-03-16 15:32:44,429] INFO [Broker id=2] Ignoring LeaderAndIsr request from controller 3 with correlation id 1 epoch 3 for partition third_topic-1 since its associated leader epoch 1 matches the current leader epoch (state.change.logger)
[2022-03-16 15:32:44,429] INFO [Broker id=2] Ignoring LeaderAndIsr request from controller 3 with correlation id 1 epoch 3 for partition third_topic-0 since its associated leader epoch 1 matches the current leader epoch (state.change.logger)
[2022-03-16 15:32:44,429] INFO [Broker id=2] Ignoring LeaderAndIsr request from controller 3 with correlation id 1 epoch 3 for partition message-log-0 since its associated leader epoch 0 matches the current leader epoch (state.change.logger)
[2022-03-16 15:32:44,429] INFO [Broker id=2] Ignoring LeaderAndIsr request from controller 3 with correlation id 1 epoch 3 for partition __consumer_offsets-47 since its associated leader epoch 0 matches the current leader epoch (state.change.logger)
[2022-03-16 15:32:44,429] INFO [Broker id=2] Ignoring LeaderAndIsr request from controller 3 with correlation id 1 epoch 3 for partition __consumer_offsets-14 since its associated leader epoch 0 matches the current leader epoch (state.change.logger)
[2022-03-16 15:32:44,429] INFO [Broker id=2] Ignoring LeaderAndIsr request from controller 3 with correlation id 1 epoch 3 for partition __consumer_offsets-11 since its associated leader epoch 0 matches the current leader epoch (state.change.logger)
[2022-03-16 15:32:44,429] INFO [Broker id=2] Ignoring LeaderAndIsr request from controller 3 with correlation id 1 epoch 3 for partition __consumer_offsets-44 since its associated leader epoch 0 matches the current leader epoch (state.change.logger)
[2022-03-16 15:32:44,430] INFO [Broker id=2] Ignoring LeaderAndIsr request from controller 3 with correlation id 1 epoch 3 for partition __consumer_offsets-41 since its associated leader epoch 0 matches the current leader epoch (state.change.logger)
[2022-03-16 15:32:44,430] INFO [Broker id=2] Ignoring LeaderAndIsr request from controller 3 with correlation id 1 epoch 3 for partition __consumer_offsets-23 since its associated leader epoch 0 matches the current leader epoch (state.change.logger)
[2022-03-16 15:32:44,430] INFO [Broker id=2] Ignoring LeaderAndIsr request from controller 3 with correlation id 1 epoch 3 for partition __consumer_offsets-20 since its associated leader epoch 0 matches the current leader epoch (state.change.logger)
[2022-03-16 15:32:44,430] INFO [Broker id=2] Ignoring LeaderAndIsr request from controller 3 with correlation id 1 epoch 3 for partition __consumer_offsets-17 since its associated leader epoch 0 matches the current leader epoch (state.change.logger)
[2022-03-16 15:32:44,430] INFO [Broker id=2] Ignoring LeaderAndIsr request from controller 3 with correlation id 1 epoch 3 for partition __consumer_offsets-32 since its associated leader epoch 0 matches the current leader epoch (state.change.logger)
[2022-03-16 15:32:44,430] INFO [Broker id=2] Ignoring LeaderAndIsr request from controller 3 with correlation id 1 epoch 3 for partition __consumer_offsets-29 since its associated leader epoch 0 matches the current leader epoch (state.change.logger)
[2022-03-16 15:32:44,430] INFO [Broker id=2] Ignoring LeaderAndIsr request from controller 3 with correlation id 1 epoch 3 for partition __consumer_offsets-26 since its associated leader epoch 0 matches the current leader epoch (state.change.logger)
[2022-03-16 15:32:44,430] INFO [Broker id=2] Ignoring LeaderAndIsr request from controller 3 with correlation id 1 epoch 3 for partition __consumer_offsets-8 since its associated leader epoch 0 matches the current leader epoch (state.change.logger)
[2022-03-16 15:32:44,430] INFO [Broker id=2] Ignoring LeaderAndIsr request from controller 3 with correlation id 1 epoch 3 for partition __consumer_offsets-5 since its associated leader epoch 0 matches the current leader epoch (state.change.logger)
[2022-03-16 15:32:44,430] INFO [Broker id=2] Ignoring LeaderAndIsr request from controller 3 with correlation id 1 epoch 3 for partition __consumer_offsets-38 since its associated leader epoch 0 matches the current leader epoch (state.change.logger)
[2022-03-16 15:32:44,430] INFO [Broker id=2] Ignoring LeaderAndIsr request from controller 3 with correlation id 1 epoch 3 for partition __consumer_offsets-35 since its associated leader epoch 0 matches the current leader epoch (state.change.logger)
[2022-03-16 15:32:44,430] INFO [Broker id=2] Ignoring LeaderAndIsr request from controller 3 with correlation id 1 epoch 3 for partition __consumer_offsets-2 since its associated leader epoch 0 matches the current leader epoch (state.change.logger)
[2022-03-16 15:32:44,430] INFO [Broker id=2] Ignoring LeaderAndIsr request from controller 3 with correlation id 1 epoch 3 for partition with_third_brokers-0 since its associated leader epoch 1 matches the current leader epoch (state.change.logger)
[2022-03-16 15:32:44,430] INFO [Broker id=2] Ignoring LeaderAndIsr request from controller 3 with correlation id 1 epoch 3 for partition with_third_brokers-2 since its associated leader epoch 1 matches the current leader epoch (state.change.logger)
[2022-03-16 15:32:44,430] INFO [Broker id=2] Ignoring LeaderAndIsr request from controller 3 with correlation id 1 epoch 3 for partition with_third_brokers-1 since its associated leader epoch 1 matches the current leader epoch (state.change.logger)
[2022-03-16 15:32:44,430] INFO [Broker id=2] Finished LeaderAndIsr request in 2ms correlationId 1 from controller 3 for 23 partitions (state.change.logger)
[2022-03-16 15:32:44,434] INFO [Broker id=2] Add 40 partitions and deleted 0 partitions from metadata cache in response to UpdateMetadata request sent by controller 3 epoch 3 with correlation id 2 (state.change.logger)
[2022-03-16 15:32:44,471] INFO [Broker id=2] Handling LeaderAndIsr request correlationId 3 from controller 3 for 6 partitions (state.change.logger)
[2022-03-16 15:32:44,471] INFO [Broker id=2] Ignoring LeaderAndIsr request from controller 3 with correlation id 3 epoch 3 for partition third_topic-2 since its associated leader epoch 1 matches the current leader epoch (state.change.logger)
[2022-03-16 15:32:44,471] INFO [Broker id=2] Ignoring LeaderAndIsr request from controller 3 with correlation id 3 epoch 3 for partition third_topic-1 since its associated leader epoch 1 matches the current leader epoch (state.change.logger)
[2022-03-16 15:32:44,471] INFO [Broker id=2] Ignoring LeaderAndIsr request from controller 3 with correlation id 3 epoch 3 for partition third_topic-0 since its associated leader epoch 1 matches the current leader epoch (state.change.logger)
[2022-03-16 15:32:44,471] INFO [Broker id=2] Ignoring LeaderAndIsr request from controller 3 with correlation id 3 epoch 3 for partition with_third_brokers-0 since its associated leader epoch 1 matches the current leader epoch (state.change.logger)
[2022-03-16 15:32:44,471] INFO [Broker id=2] Ignoring LeaderAndIsr request from controller 3 with correlation id 3 epoch 3 for partition with_third_brokers-2 since its associated leader epoch 1 matches the current leader epoch (state.change.logger)
[2022-03-16 15:32:44,471] INFO [Broker id=2] Ignoring LeaderAndIsr request from controller 3 with correlation id 3 epoch 3 for partition with_third_brokers-1 since its associated leader epoch 1 matches the current leader epoch (state.change.logger)
[2022-03-16 15:32:44,472] INFO [Broker id=2] Finished LeaderAndIsr request in 1ms correlationId 3 from controller 3 for 6 partitions (state.change.logger)
[2022-03-16 15:32:44,473] INFO [Broker id=2] Add 26 partitions and deleted 0 partitions from metadata cache in response to UpdateMetadata request sent by controller 3 epoch 3 with correlation id 4 (state.change.logger)
[2022-03-16 15:33:18,347] INFO [Broker id=2] Add 26 partitions and deleted 0 partitions from metadata cache in response to UpdateMetadata request sent by controller 3 epoch 3 with correlation id 6 (state.change.logger)
[2022-03-16 15:33:18,379] INFO [Broker id=2] Add 20 partitions and deleted 0 partitions from metadata cache in response to UpdateMetadata request sent by controller 3 epoch 3 with correlation id 7 (state.change.logger)
[2022-03-16 15:33:18,743] INFO [Broker id=2] Add 1 partitions and deleted 0 partitions from metadata cache in response to UpdateMetadata request sent by controller 3 epoch 3 with correlation id 8 (state.change.logger)
[2022-03-16 15:33:18,754] INFO [Broker id=2] Add 1 partitions and deleted 0 partitions from metadata cache in response to UpdateMetadata request sent by controller 3 epoch 3 with correlation id 9 (state.change.logger)
[2022-03-16 15:33:18,763] INFO [Broker id=2] Add 2 partitions and deleted 0 partitions from metadata cache in response to UpdateMetadata request sent by controller 3 epoch 3 with correlation id 10 (state.change.logger)
[2022-03-16 15:33:18,773] INFO [Broker id=2] Add 2 partitions and deleted 0 partitions from metadata cache in response to UpdateMetadata request sent by controller 3 epoch 3 with correlation id 11 (state.change.logger)
