[2022-03-16 15:01:26,156] INFO [Controller id=1 epoch=2] Sending UpdateMetadata request to brokers HashSet(1) for 0 partitions (state.change.logger)
[2022-03-16 15:01:26,189] INFO [Controller id=1 epoch=2] Sending LeaderAndIsr request to broker 1 with 3 become-leader and 0 become-follower partitions (state.change.logger)
[2022-03-16 15:01:26,192] INFO [Controller id=1 epoch=2] Sending UpdateMetadata request to brokers HashSet(1) for 3 partitions (state.change.logger)
[2022-03-16 15:01:26,248] INFO [Broker id=1] Handling LeaderAndIsr request correlationId 1 from controller 1 for 3 partitions (state.change.logger)
[2022-03-16 15:01:26,269] INFO [Broker id=1] Stopped fetchers as part of LeaderAndIsr request correlationId 1 from controller 1 epoch 2 as part of the become-leader transition for 3 partitions (state.change.logger)
[2022-03-16 15:01:26,277] INFO [Broker id=1] Leader first_topic-2 starts at leader epoch 0 from offset 0 with high watermark 0 ISR [1] addingReplicas [] removingReplicas []. Previous leader epoch was -1. (state.change.logger)
[2022-03-16 15:01:26,286] INFO [Broker id=1] Leader first_topic-1 starts at leader epoch 0 from offset 0 with high watermark 0 ISR [1] addingReplicas [] removingReplicas []. Previous leader epoch was -1. (state.change.logger)
[2022-03-16 15:01:26,293] INFO [Broker id=1] Leader first_topic-0 starts at leader epoch 0 from offset 0 with high watermark 0 ISR [1] addingReplicas [] removingReplicas []. Previous leader epoch was -1. (state.change.logger)
[2022-03-16 15:01:26,306] INFO [Broker id=1] Finished LeaderAndIsr request in 60ms correlationId 1 from controller 1 for 3 partitions (state.change.logger)
[2022-03-16 15:01:26,312] INFO [Broker id=1] Add 3 partitions and deleted 0 partitions from metadata cache in response to UpdateMetadata request sent by controller 1 epoch 2 with correlation id 2 (state.change.logger)
[2022-03-16 15:02:35,588] INFO [Controller id=1 epoch=2] Sending UpdateMetadata request to brokers HashSet(1) for 0 partitions (state.change.logger)
[2022-03-16 15:02:35,589] INFO [Controller id=1 epoch=2] Sending UpdateMetadata request to brokers HashSet(2) for 3 partitions (state.change.logger)
[2022-03-16 15:02:42,841] INFO [Controller id=1 epoch=2] Sending UpdateMetadata request to brokers HashSet() for 0 partitions (state.change.logger)
[2022-03-16 15:02:44,199] INFO [Controller id=1 epoch=2] Sending UpdateMetadata request to brokers HashSet(1) for 0 partitions (state.change.logger)
[2022-03-16 15:03:22,502] INFO [Controller id=1 epoch=2] Sending UpdateMetadata request to brokers HashSet(1) for 0 partitions (state.change.logger)
[2022-03-16 15:03:22,502] INFO [Controller id=1 epoch=2] Sending UpdateMetadata request to brokers HashSet(2) for 3 partitions (state.change.logger)
[2022-03-16 15:03:51,027] INFO [Controller id=1 epoch=2] Sending UpdateMetadata request to brokers HashSet(1, 2) for 0 partitions (state.change.logger)
[2022-03-16 15:03:51,027] INFO [Controller id=1 epoch=2] Sending UpdateMetadata request to brokers HashSet(3) for 3 partitions (state.change.logger)
[2022-03-16 15:05:48,586] INFO [Controller id=1 epoch=2] Changed partition third_topic-0 state from NonExistentPartition to NewPartition with assigned replicas 2,3,1 (state.change.logger)
[2022-03-16 15:05:48,586] INFO [Controller id=1 epoch=2] Changed partition third_topic-1 state from NonExistentPartition to NewPartition with assigned replicas 3,1,2 (state.change.logger)
[2022-03-16 15:05:48,586] INFO [Controller id=1 epoch=2] Changed partition third_topic-2 state from NonExistentPartition to NewPartition with assigned replicas 1,2,3 (state.change.logger)
[2022-03-16 15:05:48,586] INFO [Controller id=1 epoch=2] Sending UpdateMetadata request to brokers HashSet() for 0 partitions (state.change.logger)
[2022-03-16 15:05:48,588] INFO [Controller id=1 epoch=2] Sending UpdateMetadata request to brokers HashSet() for 0 partitions (state.change.logger)
[2022-03-16 15:05:48,607] INFO [Controller id=1 epoch=2] Changed partition third_topic-0 from NewPartition to OnlinePartition with state LeaderAndIsr(leader=2, leaderEpoch=0, isr=List(2, 3, 1), zkVersion=0) (state.change.logger)
[2022-03-16 15:05:48,607] INFO [Controller id=1 epoch=2] Changed partition third_topic-1 from NewPartition to OnlinePartition with state LeaderAndIsr(leader=3, leaderEpoch=0, isr=List(3, 1, 2), zkVersion=0) (state.change.logger)
[2022-03-16 15:05:48,607] INFO [Controller id=1 epoch=2] Changed partition third_topic-2 from NewPartition to OnlinePartition with state LeaderAndIsr(leader=1, leaderEpoch=0, isr=List(1, 2, 3), zkVersion=0) (state.change.logger)
[2022-03-16 15:05:48,608] INFO [Controller id=1 epoch=2] Sending LeaderAndIsr request to broker 1 with 1 become-leader and 2 become-follower partitions (state.change.logger)
[2022-03-16 15:05:48,608] INFO [Controller id=1 epoch=2] Sending LeaderAndIsr request to broker 2 with 1 become-leader and 2 become-follower partitions (state.change.logger)
[2022-03-16 15:05:48,608] INFO [Controller id=1 epoch=2] Sending LeaderAndIsr request to broker 3 with 1 become-leader and 2 become-follower partitions (state.change.logger)
[2022-03-16 15:05:48,608] INFO [Controller id=1 epoch=2] Sending UpdateMetadata request to brokers HashSet(1, 2, 3) for 3 partitions (state.change.logger)
[2022-03-16 15:05:48,609] INFO [Broker id=1] Handling LeaderAndIsr request correlationId 7 from controller 1 for 3 partitions (state.change.logger)
[2022-03-16 15:05:48,609] INFO [Controller id=1 epoch=2] Sending UpdateMetadata request to brokers HashSet() for 0 partitions (state.change.logger)
[2022-03-16 15:05:48,612] INFO [Broker id=1] Stopped fetchers as part of LeaderAndIsr request correlationId 7 from controller 1 epoch 2 as part of the become-leader transition for 1 partitions (state.change.logger)
[2022-03-16 15:05:48,625] INFO [Broker id=1] Leader third_topic-2 starts at leader epoch 0 from offset 0 with high watermark 0 ISR [1,2,3] addingReplicas [] removingReplicas []. Previous leader epoch was -1. (state.change.logger)
[2022-03-16 15:05:48,646] INFO [Broker id=1] Follower third_topic-0 starts at leader epoch 0 from offset 0 with high watermark 0. Previous leader epoch was -1. (state.change.logger)
[2022-03-16 15:05:48,653] INFO [Broker id=1] Follower third_topic-1 starts at leader epoch 0 from offset 0 with high watermark 0. Previous leader epoch was -1. (state.change.logger)
[2022-03-16 15:05:48,655] INFO [Broker id=1] Stopped fetchers as part of become-follower request from controller 1 epoch 2 with correlation id 7 for 2 partitions (state.change.logger)
[2022-03-16 15:05:48,707] INFO [Broker id=1] Finished LeaderAndIsr request in 98ms correlationId 7 from controller 1 for 3 partitions (state.change.logger)
[2022-03-16 15:05:48,714] INFO [Broker id=1] Add 3 partitions and deleted 0 partitions from metadata cache in response to UpdateMetadata request sent by controller 1 epoch 2 with correlation id 8 (state.change.logger)
[2022-03-16 15:12:35,677] INFO [Controller id=1 epoch=2] Changed partition message-log-0 state from NonExistentPartition to NewPartition with assigned replicas 2 (state.change.logger)
[2022-03-16 15:12:35,677] INFO [Controller id=1 epoch=2] Sending UpdateMetadata request to brokers HashSet() for 0 partitions (state.change.logger)
[2022-03-16 15:12:35,677] INFO [Controller id=1 epoch=2] Sending UpdateMetadata request to brokers HashSet() for 0 partitions (state.change.logger)
[2022-03-16 15:12:35,689] INFO [Controller id=1 epoch=2] Changed partition message-log-0 from NewPartition to OnlinePartition with state LeaderAndIsr(leader=2, leaderEpoch=0, isr=List(2), zkVersion=0) (state.change.logger)
[2022-03-16 15:12:35,689] INFO [Controller id=1 epoch=2] Sending LeaderAndIsr request to broker 2 with 1 become-leader and 0 become-follower partitions (state.change.logger)
[2022-03-16 15:12:35,689] INFO [Controller id=1 epoch=2] Sending UpdateMetadata request to brokers HashSet(1, 2, 3) for 1 partitions (state.change.logger)
[2022-03-16 15:12:35,690] INFO [Controller id=1 epoch=2] Sending UpdateMetadata request to brokers HashSet() for 0 partitions (state.change.logger)
[2022-03-16 15:12:35,691] INFO [Broker id=1] Add 1 partitions and deleted 0 partitions from metadata cache in response to UpdateMetadata request sent by controller 1 epoch 2 with correlation id 9 (state.change.logger)
[2022-03-16 15:12:35,701] INFO [Controller id=1 epoch=2] Changed partition __consumer_offsets-22 state from NonExistentPartition to NewPartition with assigned replicas 1 (state.change.logger)
[2022-03-16 15:12:35,701] INFO [Controller id=1 epoch=2] Changed partition __consumer_offsets-30 state from NonExistentPartition to NewPartition with assigned replicas 3 (state.change.logger)
[2022-03-16 15:12:35,701] INFO [Controller id=1 epoch=2] Changed partition __consumer_offsets-25 state from NonExistentPartition to NewPartition with assigned replicas 1 (state.change.logger)
[2022-03-16 15:12:35,701] INFO [Controller id=1 epoch=2] Changed partition __consumer_offsets-35 state from NonExistentPartition to NewPartition with assigned replicas 2 (state.change.logger)
[2022-03-16 15:12:35,701] INFO [Controller id=1 epoch=2] Changed partition __consumer_offsets-37 state from NonExistentPartition to NewPartition with assigned replicas 1 (state.change.logger)
[2022-03-16 15:12:35,701] INFO [Controller id=1 epoch=2] Changed partition __consumer_offsets-38 state from NonExistentPartition to NewPartition with assigned replicas 2 (state.change.logger)
[2022-03-16 15:12:35,701] INFO [Controller id=1 epoch=2] Changed partition __consumer_offsets-13 state from NonExistentPartition to NewPartition with assigned replicas 1 (state.change.logger)
[2022-03-16 15:12:35,701] INFO [Controller id=1 epoch=2] Changed partition __consumer_offsets-8 state from NonExistentPartition to NewPartition with assigned replicas 2 (state.change.logger)
[2022-03-16 15:12:35,701] INFO [Controller id=1 epoch=2] Changed partition __consumer_offsets-21 state from NonExistentPartition to NewPartition with assigned replicas 3 (state.change.logger)
[2022-03-16 15:12:35,702] INFO [Controller id=1 epoch=2] Changed partition __consumer_offsets-4 state from NonExistentPartition to NewPartition with assigned replicas 1 (state.change.logger)
[2022-03-16 15:12:35,702] INFO [Controller id=1 epoch=2] Changed partition __consumer_offsets-27 state from NonExistentPartition to NewPartition with assigned replicas 3 (state.change.logger)
[2022-03-16 15:12:35,702] INFO [Controller id=1 epoch=2] Changed partition __consumer_offsets-7 state from NonExistentPartition to NewPartition with assigned replicas 1 (state.change.logger)
[2022-03-16 15:12:35,702] INFO [Controller id=1 epoch=2] Changed partition __consumer_offsets-9 state from NonExistentPartition to NewPartition with assigned replicas 3 (state.change.logger)
[2022-03-16 15:12:35,702] INFO [Controller id=1 epoch=2] Changed partition __consumer_offsets-46 state from NonExistentPartition to NewPartition with assigned replicas 1 (state.change.logger)
[2022-03-16 15:12:35,702] INFO [Controller id=1 epoch=2] Changed partition __consumer_offsets-41 state from NonExistentPartition to NewPartition with assigned replicas 2 (state.change.logger)
[2022-03-16 15:12:35,702] INFO [Controller id=1 epoch=2] Changed partition __consumer_offsets-33 state from NonExistentPartition to NewPartition with assigned replicas 3 (state.change.logger)
[2022-03-16 15:12:35,702] INFO [Controller id=1 epoch=2] Changed partition __consumer_offsets-23 state from NonExistentPartition to NewPartition with assigned replicas 2 (state.change.logger)
[2022-03-16 15:12:35,702] INFO [Controller id=1 epoch=2] Changed partition __consumer_offsets-49 state from NonExistentPartition to NewPartition with assigned replicas 1 (state.change.logger)
[2022-03-16 15:12:35,702] INFO [Controller id=1 epoch=2] Changed partition __consumer_offsets-47 state from NonExistentPartition to NewPartition with assigned replicas 2 (state.change.logger)
[2022-03-16 15:12:35,702] INFO [Controller id=1 epoch=2] Changed partition __consumer_offsets-16 state from NonExistentPartition to NewPartition with assigned replicas 1 (state.change.logger)
[2022-03-16 15:12:35,702] INFO [Controller id=1 epoch=2] Changed partition __consumer_offsets-28 state from NonExistentPartition to NewPartition with assigned replicas 1 (state.change.logger)
[2022-03-16 15:12:35,702] INFO [Controller id=1 epoch=2] Changed partition __consumer_offsets-31 state from NonExistentPartition to NewPartition with assigned replicas 1 (state.change.logger)
[2022-03-16 15:12:35,702] INFO [Controller id=1 epoch=2] Changed partition __consumer_offsets-36 state from NonExistentPartition to NewPartition with assigned replicas 3 (state.change.logger)
[2022-03-16 15:12:35,702] INFO [Controller id=1 epoch=2] Changed partition __consumer_offsets-42 state from NonExistentPartition to NewPartition with assigned replicas 3 (state.change.logger)
[2022-03-16 15:12:35,702] INFO [Controller id=1 epoch=2] Changed partition __consumer_offsets-3 state from NonExistentPartition to NewPartition with assigned replicas 3 (state.change.logger)
[2022-03-16 15:12:35,702] INFO [Controller id=1 epoch=2] Changed partition __consumer_offsets-18 state from NonExistentPartition to NewPartition with assigned replicas 3 (state.change.logger)
[2022-03-16 15:12:35,702] INFO [Controller id=1 epoch=2] Changed partition __consumer_offsets-15 state from NonExistentPartition to NewPartition with assigned replicas 3 (state.change.logger)
[2022-03-16 15:12:35,702] INFO [Controller id=1 epoch=2] Changed partition __consumer_offsets-24 state from NonExistentPartition to NewPartition with assigned replicas 3 (state.change.logger)
[2022-03-16 15:12:35,702] INFO [Controller id=1 epoch=2] Changed partition __consumer_offsets-17 state from NonExistentPartition to NewPartition with assigned replicas 2 (state.change.logger)
[2022-03-16 15:12:35,702] INFO [Controller id=1 epoch=2] Changed partition __consumer_offsets-48 state from NonExistentPartition to NewPartition with assigned replicas 3 (state.change.logger)
[2022-03-16 15:12:35,703] INFO [Controller id=1 epoch=2] Changed partition __consumer_offsets-19 state from NonExistentPartition to NewPartition with assigned replicas 1 (state.change.logger)
[2022-03-16 15:12:35,703] INFO [Controller id=1 epoch=2] Changed partition __consumer_offsets-11 state from NonExistentPartition to NewPartition with assigned replicas 2 (state.change.logger)
[2022-03-16 15:12:35,703] INFO [Controller id=1 epoch=2] Changed partition __consumer_offsets-2 state from NonExistentPartition to NewPartition with assigned replicas 2 (state.change.logger)
[2022-03-16 15:12:35,703] INFO [Controller id=1 epoch=2] Changed partition __consumer_offsets-43 state from NonExistentPartition to NewPartition with assigned replicas 1 (state.change.logger)
[2022-03-16 15:12:35,703] INFO [Controller id=1 epoch=2] Changed partition __consumer_offsets-6 state from NonExistentPartition to NewPartition with assigned replicas 3 (state.change.logger)
[2022-03-16 15:12:35,703] INFO [Controller id=1 epoch=2] Changed partition __consumer_offsets-14 state from NonExistentPartition to NewPartition with assigned replicas 2 (state.change.logger)
[2022-03-16 15:12:35,703] INFO [Controller id=1 epoch=2] Changed partition __consumer_offsets-20 state from NonExistentPartition to NewPartition with assigned replicas 2 (state.change.logger)
[2022-03-16 15:12:35,703] INFO [Controller id=1 epoch=2] Changed partition __consumer_offsets-0 state from NonExistentPartition to NewPartition with assigned replicas 3 (state.change.logger)
[2022-03-16 15:12:35,703] INFO [Controller id=1 epoch=2] Changed partition __consumer_offsets-44 state from NonExistentPartition to NewPartition with assigned replicas 2 (state.change.logger)
[2022-03-16 15:12:35,703] INFO [Controller id=1 epoch=2] Changed partition __consumer_offsets-39 state from NonExistentPartition to NewPartition with assigned replicas 3 (state.change.logger)
[2022-03-16 15:12:35,703] INFO [Controller id=1 epoch=2] Changed partition __consumer_offsets-12 state from NonExistentPartition to NewPartition with assigned replicas 3 (state.change.logger)
[2022-03-16 15:12:35,703] INFO [Controller id=1 epoch=2] Changed partition __consumer_offsets-45 state from NonExistentPartition to NewPartition with assigned replicas 3 (state.change.logger)
[2022-03-16 15:12:35,703] INFO [Controller id=1 epoch=2] Changed partition __consumer_offsets-1 state from NonExistentPartition to NewPartition with assigned replicas 1 (state.change.logger)
[2022-03-16 15:12:35,703] INFO [Controller id=1 epoch=2] Changed partition __consumer_offsets-5 state from NonExistentPartition to NewPartition with assigned replicas 2 (state.change.logger)
[2022-03-16 15:12:35,703] INFO [Controller id=1 epoch=2] Changed partition __consumer_offsets-26 state from NonExistentPartition to NewPartition with assigned replicas 2 (state.change.logger)
[2022-03-16 15:12:35,703] INFO [Controller id=1 epoch=2] Changed partition __consumer_offsets-29 state from NonExistentPartition to NewPartition with assigned replicas 2 (state.change.logger)
[2022-03-16 15:12:35,703] INFO [Controller id=1 epoch=2] Changed partition __consumer_offsets-34 state from NonExistentPartition to NewPartition with assigned replicas 1 (state.change.logger)
[2022-03-16 15:12:35,703] INFO [Controller id=1 epoch=2] Changed partition __consumer_offsets-10 state from NonExistentPartition to NewPartition with assigned replicas 1 (state.change.logger)
[2022-03-16 15:12:35,703] INFO [Controller id=1 epoch=2] Changed partition __consumer_offsets-32 state from NonExistentPartition to NewPartition with assigned replicas 2 (state.change.logger)
[2022-03-16 15:12:35,703] INFO [Controller id=1 epoch=2] Changed partition __consumer_offsets-40 state from NonExistentPartition to NewPartition with assigned replicas 1 (state.change.logger)
[2022-03-16 15:12:35,704] INFO [Controller id=1 epoch=2] Sending UpdateMetadata request to brokers HashSet() for 0 partitions (state.change.logger)
[2022-03-16 15:12:35,705] INFO [Controller id=1 epoch=2] Sending UpdateMetadata request to brokers HashSet() for 0 partitions (state.change.logger)
[2022-03-16 15:12:35,826] INFO [Controller id=1 epoch=2] Changed partition __consumer_offsets-22 from NewPartition to OnlinePartition with state LeaderAndIsr(leader=1, leaderEpoch=0, isr=List(1), zkVersion=0) (state.change.logger)
[2022-03-16 15:12:35,826] INFO [Controller id=1 epoch=2] Changed partition __consumer_offsets-30 from NewPartition to OnlinePartition with state LeaderAndIsr(leader=3, leaderEpoch=0, isr=List(3), zkVersion=0) (state.change.logger)
[2022-03-16 15:12:35,826] INFO [Controller id=1 epoch=2] Changed partition __consumer_offsets-25 from NewPartition to OnlinePartition with state LeaderAndIsr(leader=1, leaderEpoch=0, isr=List(1), zkVersion=0) (state.change.logger)
[2022-03-16 15:12:35,826] INFO [Controller id=1 epoch=2] Changed partition __consumer_offsets-35 from NewPartition to OnlinePartition with state LeaderAndIsr(leader=2, leaderEpoch=0, isr=List(2), zkVersion=0) (state.change.logger)
[2022-03-16 15:12:35,826] INFO [Controller id=1 epoch=2] Changed partition __consumer_offsets-37 from NewPartition to OnlinePartition with state LeaderAndIsr(leader=1, leaderEpoch=0, isr=List(1), zkVersion=0) (state.change.logger)
[2022-03-16 15:12:35,827] INFO [Controller id=1 epoch=2] Changed partition __consumer_offsets-38 from NewPartition to OnlinePartition with state LeaderAndIsr(leader=2, leaderEpoch=0, isr=List(2), zkVersion=0) (state.change.logger)
[2022-03-16 15:12:35,827] INFO [Controller id=1 epoch=2] Changed partition __consumer_offsets-13 from NewPartition to OnlinePartition with state LeaderAndIsr(leader=1, leaderEpoch=0, isr=List(1), zkVersion=0) (state.change.logger)
[2022-03-16 15:12:35,827] INFO [Controller id=1 epoch=2] Changed partition __consumer_offsets-8 from NewPartition to OnlinePartition with state LeaderAndIsr(leader=2, leaderEpoch=0, isr=List(2), zkVersion=0) (state.change.logger)
[2022-03-16 15:12:35,827] INFO [Controller id=1 epoch=2] Changed partition __consumer_offsets-21 from NewPartition to OnlinePartition with state LeaderAndIsr(leader=3, leaderEpoch=0, isr=List(3), zkVersion=0) (state.change.logger)
[2022-03-16 15:12:35,827] INFO [Controller id=1 epoch=2] Changed partition __consumer_offsets-4 from NewPartition to OnlinePartition with state LeaderAndIsr(leader=1, leaderEpoch=0, isr=List(1), zkVersion=0) (state.change.logger)
[2022-03-16 15:12:35,827] INFO [Controller id=1 epoch=2] Changed partition __consumer_offsets-27 from NewPartition to OnlinePartition with state LeaderAndIsr(leader=3, leaderEpoch=0, isr=List(3), zkVersion=0) (state.change.logger)
[2022-03-16 15:12:35,827] INFO [Controller id=1 epoch=2] Changed partition __consumer_offsets-7 from NewPartition to OnlinePartition with state LeaderAndIsr(leader=1, leaderEpoch=0, isr=List(1), zkVersion=0) (state.change.logger)
[2022-03-16 15:12:35,827] INFO [Controller id=1 epoch=2] Changed partition __consumer_offsets-9 from NewPartition to OnlinePartition with state LeaderAndIsr(leader=3, leaderEpoch=0, isr=List(3), zkVersion=0) (state.change.logger)
[2022-03-16 15:12:35,827] INFO [Controller id=1 epoch=2] Changed partition __consumer_offsets-46 from NewPartition to OnlinePartition with state LeaderAndIsr(leader=1, leaderEpoch=0, isr=List(1), zkVersion=0) (state.change.logger)
[2022-03-16 15:12:35,827] INFO [Controller id=1 epoch=2] Changed partition __consumer_offsets-41 from NewPartition to OnlinePartition with state LeaderAndIsr(leader=2, leaderEpoch=0, isr=List(2), zkVersion=0) (state.change.logger)
[2022-03-16 15:12:35,827] INFO [Controller id=1 epoch=2] Changed partition __consumer_offsets-33 from NewPartition to OnlinePartition with state LeaderAndIsr(leader=3, leaderEpoch=0, isr=List(3), zkVersion=0) (state.change.logger)
[2022-03-16 15:12:35,827] INFO [Controller id=1 epoch=2] Changed partition __consumer_offsets-23 from NewPartition to OnlinePartition with state LeaderAndIsr(leader=2, leaderEpoch=0, isr=List(2), zkVersion=0) (state.change.logger)
[2022-03-16 15:12:35,827] INFO [Controller id=1 epoch=2] Changed partition __consumer_offsets-49 from NewPartition to OnlinePartition with state LeaderAndIsr(leader=1, leaderEpoch=0, isr=List(1), zkVersion=0) (state.change.logger)
[2022-03-16 15:12:35,827] INFO [Controller id=1 epoch=2] Changed partition __consumer_offsets-47 from NewPartition to OnlinePartition with state LeaderAndIsr(leader=2, leaderEpoch=0, isr=List(2), zkVersion=0) (state.change.logger)
[2022-03-16 15:12:35,827] INFO [Controller id=1 epoch=2] Changed partition __consumer_offsets-16 from NewPartition to OnlinePartition with state LeaderAndIsr(leader=1, leaderEpoch=0, isr=List(1), zkVersion=0) (state.change.logger)
[2022-03-16 15:12:35,827] INFO [Controller id=1 epoch=2] Changed partition __consumer_offsets-28 from NewPartition to OnlinePartition with state LeaderAndIsr(leader=1, leaderEpoch=0, isr=List(1), zkVersion=0) (state.change.logger)
[2022-03-16 15:12:35,827] INFO [Controller id=1 epoch=2] Changed partition __consumer_offsets-31 from NewPartition to OnlinePartition with state LeaderAndIsr(leader=1, leaderEpoch=0, isr=List(1), zkVersion=0) (state.change.logger)
[2022-03-16 15:12:35,827] INFO [Controller id=1 epoch=2] Changed partition __consumer_offsets-36 from NewPartition to OnlinePartition with state LeaderAndIsr(leader=3, leaderEpoch=0, isr=List(3), zkVersion=0) (state.change.logger)
[2022-03-16 15:12:35,827] INFO [Controller id=1 epoch=2] Changed partition __consumer_offsets-42 from NewPartition to OnlinePartition with state LeaderAndIsr(leader=3, leaderEpoch=0, isr=List(3), zkVersion=0) (state.change.logger)
[2022-03-16 15:12:35,828] INFO [Controller id=1 epoch=2] Changed partition __consumer_offsets-3 from NewPartition to OnlinePartition with state LeaderAndIsr(leader=3, leaderEpoch=0, isr=List(3), zkVersion=0) (state.change.logger)
[2022-03-16 15:12:35,828] INFO [Controller id=1 epoch=2] Changed partition __consumer_offsets-18 from NewPartition to OnlinePartition with state LeaderAndIsr(leader=3, leaderEpoch=0, isr=List(3), zkVersion=0) (state.change.logger)
[2022-03-16 15:12:35,828] INFO [Controller id=1 epoch=2] Changed partition __consumer_offsets-15 from NewPartition to OnlinePartition with state LeaderAndIsr(leader=3, leaderEpoch=0, isr=List(3), zkVersion=0) (state.change.logger)
[2022-03-16 15:12:35,828] INFO [Controller id=1 epoch=2] Changed partition __consumer_offsets-24 from NewPartition to OnlinePartition with state LeaderAndIsr(leader=3, leaderEpoch=0, isr=List(3), zkVersion=0) (state.change.logger)
[2022-03-16 15:12:35,828] INFO [Controller id=1 epoch=2] Changed partition __consumer_offsets-17 from NewPartition to OnlinePartition with state LeaderAndIsr(leader=2, leaderEpoch=0, isr=List(2), zkVersion=0) (state.change.logger)
[2022-03-16 15:12:35,828] INFO [Controller id=1 epoch=2] Changed partition __consumer_offsets-48 from NewPartition to OnlinePartition with state LeaderAndIsr(leader=3, leaderEpoch=0, isr=List(3), zkVersion=0) (state.change.logger)
[2022-03-16 15:12:35,828] INFO [Controller id=1 epoch=2] Changed partition __consumer_offsets-19 from NewPartition to OnlinePartition with state LeaderAndIsr(leader=1, leaderEpoch=0, isr=List(1), zkVersion=0) (state.change.logger)
[2022-03-16 15:12:35,828] INFO [Controller id=1 epoch=2] Changed partition __consumer_offsets-11 from NewPartition to OnlinePartition with state LeaderAndIsr(leader=2, leaderEpoch=0, isr=List(2), zkVersion=0) (state.change.logger)
[2022-03-16 15:12:35,828] INFO [Controller id=1 epoch=2] Changed partition __consumer_offsets-2 from NewPartition to OnlinePartition with state LeaderAndIsr(leader=2, leaderEpoch=0, isr=List(2), zkVersion=0) (state.change.logger)
[2022-03-16 15:12:35,828] INFO [Controller id=1 epoch=2] Changed partition __consumer_offsets-43 from NewPartition to OnlinePartition with state LeaderAndIsr(leader=1, leaderEpoch=0, isr=List(1), zkVersion=0) (state.change.logger)
[2022-03-16 15:12:35,828] INFO [Controller id=1 epoch=2] Changed partition __consumer_offsets-6 from NewPartition to OnlinePartition with state LeaderAndIsr(leader=3, leaderEpoch=0, isr=List(3), zkVersion=0) (state.change.logger)
[2022-03-16 15:12:35,828] INFO [Controller id=1 epoch=2] Changed partition __consumer_offsets-14 from NewPartition to OnlinePartition with state LeaderAndIsr(leader=2, leaderEpoch=0, isr=List(2), zkVersion=0) (state.change.logger)
[2022-03-16 15:12:35,828] INFO [Controller id=1 epoch=2] Changed partition __consumer_offsets-20 from NewPartition to OnlinePartition with state LeaderAndIsr(leader=2, leaderEpoch=0, isr=List(2), zkVersion=0) (state.change.logger)
[2022-03-16 15:12:35,828] INFO [Controller id=1 epoch=2] Changed partition __consumer_offsets-0 from NewPartition to OnlinePartition with state LeaderAndIsr(leader=3, leaderEpoch=0, isr=List(3), zkVersion=0) (state.change.logger)
[2022-03-16 15:12:35,828] INFO [Controller id=1 epoch=2] Changed partition __consumer_offsets-44 from NewPartition to OnlinePartition with state LeaderAndIsr(leader=2, leaderEpoch=0, isr=List(2), zkVersion=0) (state.change.logger)
[2022-03-16 15:12:35,828] INFO [Controller id=1 epoch=2] Changed partition __consumer_offsets-39 from NewPartition to OnlinePartition with state LeaderAndIsr(leader=3, leaderEpoch=0, isr=List(3), zkVersion=0) (state.change.logger)
[2022-03-16 15:12:35,828] INFO [Controller id=1 epoch=2] Changed partition __consumer_offsets-12 from NewPartition to OnlinePartition with state LeaderAndIsr(leader=3, leaderEpoch=0, isr=List(3), zkVersion=0) (state.change.logger)
[2022-03-16 15:12:35,829] INFO [Controller id=1 epoch=2] Changed partition __consumer_offsets-45 from NewPartition to OnlinePartition with state LeaderAndIsr(leader=3, leaderEpoch=0, isr=List(3), zkVersion=0) (state.change.logger)
[2022-03-16 15:12:35,829] INFO [Controller id=1 epoch=2] Changed partition __consumer_offsets-1 from NewPartition to OnlinePartition with state LeaderAndIsr(leader=1, leaderEpoch=0, isr=List(1), zkVersion=0) (state.change.logger)
[2022-03-16 15:12:35,829] INFO [Controller id=1 epoch=2] Changed partition __consumer_offsets-5 from NewPartition to OnlinePartition with state LeaderAndIsr(leader=2, leaderEpoch=0, isr=List(2), zkVersion=0) (state.change.logger)
[2022-03-16 15:12:35,829] INFO [Controller id=1 epoch=2] Changed partition __consumer_offsets-26 from NewPartition to OnlinePartition with state LeaderAndIsr(leader=2, leaderEpoch=0, isr=List(2), zkVersion=0) (state.change.logger)
[2022-03-16 15:12:35,829] INFO [Controller id=1 epoch=2] Changed partition __consumer_offsets-29 from NewPartition to OnlinePartition with state LeaderAndIsr(leader=2, leaderEpoch=0, isr=List(2), zkVersion=0) (state.change.logger)
[2022-03-16 15:12:35,830] INFO [Controller id=1 epoch=2] Changed partition __consumer_offsets-34 from NewPartition to OnlinePartition with state LeaderAndIsr(leader=1, leaderEpoch=0, isr=List(1), zkVersion=0) (state.change.logger)
[2022-03-16 15:12:35,830] INFO [Controller id=1 epoch=2] Changed partition __consumer_offsets-10 from NewPartition to OnlinePartition with state LeaderAndIsr(leader=1, leaderEpoch=0, isr=List(1), zkVersion=0) (state.change.logger)
[2022-03-16 15:12:35,830] INFO [Controller id=1 epoch=2] Changed partition __consumer_offsets-32 from NewPartition to OnlinePartition with state LeaderAndIsr(leader=2, leaderEpoch=0, isr=List(2), zkVersion=0) (state.change.logger)
[2022-03-16 15:12:35,830] INFO [Controller id=1 epoch=2] Changed partition __consumer_offsets-40 from NewPartition to OnlinePartition with state LeaderAndIsr(leader=1, leaderEpoch=0, isr=List(1), zkVersion=0) (state.change.logger)
[2022-03-16 15:12:35,830] INFO [Controller id=1 epoch=2] Sending LeaderAndIsr request to broker 1 with 17 become-leader and 0 become-follower partitions (state.change.logger)
[2022-03-16 15:12:35,830] INFO [Controller id=1 epoch=2] Sending LeaderAndIsr request to broker 2 with 16 become-leader and 0 become-follower partitions (state.change.logger)
[2022-03-16 15:12:35,830] INFO [Controller id=1 epoch=2] Sending LeaderAndIsr request to broker 3 with 17 become-leader and 0 become-follower partitions (state.change.logger)
[2022-03-16 15:12:35,831] INFO [Controller id=1 epoch=2] Sending UpdateMetadata request to brokers HashSet(1, 2, 3) for 50 partitions (state.change.logger)
[2022-03-16 15:12:35,832] INFO [Broker id=1] Handling LeaderAndIsr request correlationId 10 from controller 1 for 17 partitions (state.change.logger)
[2022-03-16 15:12:35,841] INFO [Controller id=1 epoch=2] Sending UpdateMetadata request to brokers HashSet() for 0 partitions (state.change.logger)
[2022-03-16 15:12:35,864] INFO [Broker id=1] Stopped fetchers as part of LeaderAndIsr request correlationId 10 from controller 1 epoch 2 as part of the become-leader transition for 17 partitions (state.change.logger)
[2022-03-16 15:12:35,879] INFO [Broker id=1] Leader __consumer_offsets-37 starts at leader epoch 0 from offset 0 with high watermark 0 ISR [1] addingReplicas [] removingReplicas []. Previous leader epoch was -1. (state.change.logger)
[2022-03-16 15:12:35,900] INFO [Broker id=1] Leader __consumer_offsets-7 starts at leader epoch 0 from offset 0 with high watermark 0 ISR [1] addingReplicas [] removingReplicas []. Previous leader epoch was -1. (state.change.logger)
[2022-03-16 15:12:35,922] INFO [Broker id=1] Leader __consumer_offsets-22 starts at leader epoch 0 from offset 0 with high watermark 0 ISR [1] addingReplicas [] removingReplicas []. Previous leader epoch was -1. (state.change.logger)
[2022-03-16 15:12:35,940] INFO [Broker id=1] Leader __consumer_offsets-10 starts at leader epoch 0 from offset 0 with high watermark 0 ISR [1] addingReplicas [] removingReplicas []. Previous leader epoch was -1. (state.change.logger)
[2022-03-16 15:12:35,962] INFO [Broker id=1] Leader __consumer_offsets-31 starts at leader epoch 0 from offset 0 with high watermark 0 ISR [1] addingReplicas [] removingReplicas []. Previous leader epoch was -1. (state.change.logger)
[2022-03-16 15:12:35,983] INFO [Broker id=1] Leader __consumer_offsets-46 starts at leader epoch 0 from offset 0 with high watermark 0 ISR [1] addingReplicas [] removingReplicas []. Previous leader epoch was -1. (state.change.logger)
[2022-03-16 15:12:36,002] INFO [Broker id=1] Leader __consumer_offsets-1 starts at leader epoch 0 from offset 0 with high watermark 0 ISR [1] addingReplicas [] removingReplicas []. Previous leader epoch was -1. (state.change.logger)
[2022-03-16 15:12:36,021] INFO [Broker id=1] Leader __consumer_offsets-16 starts at leader epoch 0 from offset 0 with high watermark 0 ISR [1] addingReplicas [] removingReplicas []. Previous leader epoch was -1. (state.change.logger)
[2022-03-16 15:12:36,040] INFO [Broker id=1] Leader __consumer_offsets-19 starts at leader epoch 0 from offset 0 with high watermark 0 ISR [1] addingReplicas [] removingReplicas []. Previous leader epoch was -1. (state.change.logger)
[2022-03-16 15:12:36,061] INFO [Broker id=1] Leader __consumer_offsets-34 starts at leader epoch 0 from offset 0 with high watermark 0 ISR [1] addingReplicas [] removingReplicas []. Previous leader epoch was -1. (state.change.logger)
[2022-03-16 15:12:36,083] INFO [Broker id=1] Leader __consumer_offsets-4 starts at leader epoch 0 from offset 0 with high watermark 0 ISR [1] addingReplicas [] removingReplicas []. Previous leader epoch was -1. (state.change.logger)
[2022-03-16 15:12:36,101] INFO [Broker id=1] Leader __consumer_offsets-25 starts at leader epoch 0 from offset 0 with high watermark 0 ISR [1] addingReplicas [] removingReplicas []. Previous leader epoch was -1. (state.change.logger)
[2022-03-16 15:12:36,122] INFO [Broker id=1] Leader __consumer_offsets-40 starts at leader epoch 0 from offset 0 with high watermark 0 ISR [1] addingReplicas [] removingReplicas []. Previous leader epoch was -1. (state.change.logger)
[2022-03-16 15:12:36,140] INFO [Broker id=1] Leader __consumer_offsets-43 starts at leader epoch 0 from offset 0 with high watermark 0 ISR [1] addingReplicas [] removingReplicas []. Previous leader epoch was -1. (state.change.logger)
[2022-03-16 15:12:36,161] INFO [Broker id=1] Leader __consumer_offsets-13 starts at leader epoch 0 from offset 0 with high watermark 0 ISR [1] addingReplicas [] removingReplicas []. Previous leader epoch was -1. (state.change.logger)
[2022-03-16 15:12:36,175] INFO [Broker id=1] Leader __consumer_offsets-28 starts at leader epoch 0 from offset 0 with high watermark 0 ISR [1] addingReplicas [] removingReplicas []. Previous leader epoch was -1. (state.change.logger)
[2022-03-16 15:12:36,192] INFO [Broker id=1] Leader __consumer_offsets-49 starts at leader epoch 0 from offset 0 with high watermark 0 ISR [1] addingReplicas [] removingReplicas []. Previous leader epoch was -1. (state.change.logger)
[2022-03-16 15:12:36,213] INFO [Broker id=1] Finished LeaderAndIsr request in 381ms correlationId 10 from controller 1 for 17 partitions (state.change.logger)
[2022-03-16 15:12:36,219] INFO [Broker id=1] Add 50 partitions and deleted 0 partitions from metadata cache in response to UpdateMetadata request sent by controller 1 epoch 2 with correlation id 11 (state.change.logger)
[2022-03-16 15:22:37,774] INFO [Controller id=1 epoch=2] Changed partition with_third_brokers-0 state from NonExistentPartition to NewPartition with assigned replicas 1,3,2 (state.change.logger)
[2022-03-16 15:22:37,774] INFO [Controller id=1 epoch=2] Changed partition with_third_brokers-1 state from NonExistentPartition to NewPartition with assigned replicas 2,1,3 (state.change.logger)
[2022-03-16 15:22:37,774] INFO [Controller id=1 epoch=2] Changed partition with_third_brokers-2 state from NonExistentPartition to NewPartition with assigned replicas 3,2,1 (state.change.logger)
[2022-03-16 15:22:37,774] INFO [Controller id=1 epoch=2] Sending UpdateMetadata request to brokers HashSet() for 0 partitions (state.change.logger)
[2022-03-16 15:22:37,775] INFO [Controller id=1 epoch=2] Sending UpdateMetadata request to brokers HashSet() for 0 partitions (state.change.logger)
[2022-03-16 15:22:37,787] INFO [Controller id=1 epoch=2] Changed partition with_third_brokers-0 from NewPartition to OnlinePartition with state LeaderAndIsr(leader=1, leaderEpoch=0, isr=List(1, 3, 2), zkVersion=0) (state.change.logger)
[2022-03-16 15:22:37,787] INFO [Controller id=1 epoch=2] Changed partition with_third_brokers-1 from NewPartition to OnlinePartition with state LeaderAndIsr(leader=2, leaderEpoch=0, isr=List(2, 1, 3), zkVersion=0) (state.change.logger)
[2022-03-16 15:22:37,787] INFO [Controller id=1 epoch=2] Changed partition with_third_brokers-2 from NewPartition to OnlinePartition with state LeaderAndIsr(leader=3, leaderEpoch=0, isr=List(3, 2, 1), zkVersion=0) (state.change.logger)
[2022-03-16 15:22:37,787] INFO [Controller id=1 epoch=2] Sending LeaderAndIsr request to broker 1 with 1 become-leader and 2 become-follower partitions (state.change.logger)
[2022-03-16 15:22:37,787] INFO [Controller id=1 epoch=2] Sending LeaderAndIsr request to broker 2 with 1 become-leader and 2 become-follower partitions (state.change.logger)
[2022-03-16 15:22:37,788] INFO [Controller id=1 epoch=2] Sending LeaderAndIsr request to broker 3 with 1 become-leader and 2 become-follower partitions (state.change.logger)
[2022-03-16 15:22:37,788] INFO [Controller id=1 epoch=2] Sending UpdateMetadata request to brokers HashSet(1, 2, 3) for 3 partitions (state.change.logger)
[2022-03-16 15:22:37,788] INFO [Controller id=1 epoch=2] Sending UpdateMetadata request to brokers HashSet() for 0 partitions (state.change.logger)
[2022-03-16 15:22:37,793] INFO [Broker id=1] Handling LeaderAndIsr request correlationId 12 from controller 1 for 3 partitions (state.change.logger)
[2022-03-16 15:22:37,797] INFO [Broker id=1] Stopped fetchers as part of LeaderAndIsr request correlationId 12 from controller 1 epoch 2 as part of the become-leader transition for 1 partitions (state.change.logger)
[2022-03-16 15:22:37,804] INFO [Broker id=1] Leader with_third_brokers-0 starts at leader epoch 0 from offset 0 with high watermark 0 ISR [1,3,2] addingReplicas [] removingReplicas []. Previous leader epoch was -1. (state.change.logger)
[2022-03-16 15:22:37,820] INFO [Broker id=1] Follower with_third_brokers-2 starts at leader epoch 0 from offset 0 with high watermark 0. Previous leader epoch was -1. (state.change.logger)
[2022-03-16 15:22:37,826] INFO [Broker id=1] Follower with_third_brokers-1 starts at leader epoch 0 from offset 0 with high watermark 0. Previous leader epoch was -1. (state.change.logger)
[2022-03-16 15:22:37,827] INFO [Broker id=1] Stopped fetchers as part of become-follower request from controller 1 epoch 2 with correlation id 12 for 2 partitions (state.change.logger)
[2022-03-16 15:22:37,828] INFO [Broker id=1] Finished LeaderAndIsr request in 35ms correlationId 12 from controller 1 for 3 partitions (state.change.logger)
[2022-03-16 15:22:37,831] INFO [Broker id=1] Add 3 partitions and deleted 0 partitions from metadata cache in response to UpdateMetadata request sent by controller 1 epoch 2 with correlation id 13 (state.change.logger)
[2022-03-16 15:32:42,986] INFO [Controller id=1 epoch=2] Changed partition third_topic-2 from OnlinePartition to OnlinePartition with state LeaderAndIsr(leader=2, leaderEpoch=1, isr=List(2, 3), zkVersion=1) (state.change.logger)
[2022-03-16 15:32:42,986] INFO [Controller id=1 epoch=2] Changed partition with_third_brokers-0 from OnlinePartition to OnlinePartition with state LeaderAndIsr(leader=3, leaderEpoch=1, isr=List(3, 2), zkVersion=1) (state.change.logger)
[2022-03-16 15:32:42,986] INFO [Controller id=1 epoch=2] Sending LeaderAndIsr request to broker 1 with 0 become-leader and 2 become-follower partitions (state.change.logger)
[2022-03-16 15:32:42,986] INFO [Controller id=1 epoch=2] Sending LeaderAndIsr request to broker 2 with 1 become-leader and 1 become-follower partitions (state.change.logger)
[2022-03-16 15:32:42,986] INFO [Controller id=1 epoch=2] Sending LeaderAndIsr request to broker 3 with 1 become-leader and 1 become-follower partitions (state.change.logger)
[2022-03-16 15:32:42,986] INFO [Controller id=1 epoch=2] Sending UpdateMetadata request to brokers HashSet(1, 2, 3) for 2 partitions (state.change.logger)
[2022-03-16 15:32:42,988] INFO [Broker id=1] Handling LeaderAndIsr request correlationId 14 from controller 1 for 2 partitions (state.change.logger)
[2022-03-16 15:32:42,989] INFO [Broker id=1] Follower third_topic-2 starts at leader epoch 1 from offset 0 with high watermark 0. Previous leader epoch was 0. (state.change.logger)
[2022-03-16 15:32:42,990] INFO [Broker id=1] Follower with_third_brokers-0 starts at leader epoch 1 from offset 0 with high watermark 0. Previous leader epoch was 0. (state.change.logger)
[2022-03-16 15:32:42,990] INFO [Broker id=1] Stopped fetchers as part of become-follower request from controller 1 epoch 2 with correlation id 14 for 2 partitions (state.change.logger)
[2022-03-16 15:32:42,991] INFO [Controller id=1 epoch=2] Sending UpdateMetadata request to brokers HashSet() for 0 partitions (state.change.logger)
[2022-03-16 15:32:42,993] INFO [Controller id=1 epoch=2] Sending StopReplica request for 4 replicas to broker 1 (state.change.logger)
[2022-03-16 15:32:43,000] INFO [Broker id=1] Finished LeaderAndIsr request in 12ms correlationId 14 from controller 1 for 2 partitions (state.change.logger)
[2022-03-16 15:32:43,002] INFO [Broker id=1] Add 2 partitions and deleted 0 partitions from metadata cache in response to UpdateMetadata request sent by controller 1 epoch 2 with correlation id 15 (state.change.logger)
[2022-03-16 15:32:43,006] INFO [Broker id=1] Handling StopReplica request correlationId 16 from controller 1 for 4 partitions (state.change.logger)
[2022-03-16 15:32:43,010] INFO [Broker id=1] Ignoring StopReplica request (delete=false) from controller 1 with correlation id 16 epoch 2 for partition third_topic-1 since its associated leader epoch 0 matches the current leader epoch (state.change.logger)
[2022-03-16 15:32:43,010] INFO [Broker id=1] Ignoring StopReplica request (delete=false) from controller 1 with correlation id 16 epoch 2 for partition third_topic-0 since its associated leader epoch 0 matches the current leader epoch (state.change.logger)
[2022-03-16 15:32:43,010] INFO [Broker id=1] Ignoring StopReplica request (delete=false) from controller 1 with correlation id 16 epoch 2 for partition with_third_brokers-2 since its associated leader epoch 0 matches the current leader epoch (state.change.logger)
[2022-03-16 15:32:43,010] INFO [Broker id=1] Ignoring StopReplica request (delete=false) from controller 1 with correlation id 16 epoch 2 for partition with_third_brokers-1 since its associated leader epoch 0 matches the current leader epoch (state.change.logger)
[2022-03-16 15:32:43,024] INFO [Controller id=1 epoch=2] Partition third_topic-1 state changed to (Leader:3,ISR:3,2,LeaderEpoch:1,ControllerEpoch:2) after removing replica 1 from the ISR as part of transition to OfflineReplica (state.change.logger)
[2022-03-16 15:32:43,026] INFO [Controller id=1 epoch=2] Partition third_topic-0 state changed to (Leader:2,ISR:2,3,LeaderEpoch:1,ControllerEpoch:2) after removing replica 1 from the ISR as part of transition to OfflineReplica (state.change.logger)
[2022-03-16 15:32:43,026] INFO [Controller id=1 epoch=2] Partition with_third_brokers-2 state changed to (Leader:3,ISR:3,2,LeaderEpoch:1,ControllerEpoch:2) after removing replica 1 from the ISR as part of transition to OfflineReplica (state.change.logger)
[2022-03-16 15:32:43,026] INFO [Controller id=1 epoch=2] Partition with_third_brokers-1 state changed to (Leader:2,ISR:2,3,LeaderEpoch:1,ControllerEpoch:2) after removing replica 1 from the ISR as part of transition to OfflineReplica (state.change.logger)
[2022-03-16 15:32:43,028] INFO [Controller id=1 epoch=2] Sending LeaderAndIsr request to broker 2 with 2 become-leader and 2 become-follower partitions (state.change.logger)
[2022-03-16 15:32:43,029] INFO [Controller id=1 epoch=2] Sending LeaderAndIsr request to broker 3 with 2 become-leader and 2 become-follower partitions (state.change.logger)
[2022-03-16 15:32:43,029] INFO [Controller id=1 epoch=2] Sending UpdateMetadata request to brokers HashSet(1, 2, 3) for 4 partitions (state.change.logger)
[2022-03-16 15:32:43,030] INFO [Controller id=1 epoch=2] Sending StopReplica request for 4 replicas to broker 1 (state.change.logger)
[2022-03-16 15:32:43,031] INFO [Broker id=1] Add 4 partitions and deleted 0 partitions from metadata cache in response to UpdateMetadata request sent by controller 1 epoch 2 with correlation id 17 (state.change.logger)
[2022-03-16 15:32:43,031] INFO [Broker id=1] Handling StopReplica request correlationId 18 from controller 1 for 4 partitions (state.change.logger)
[2022-03-16 15:32:43,031] INFO [Broker id=1] Ignoring StopReplica request (delete=false) from controller 1 with correlation id 18 epoch 2 for partition third_topic-1 since its associated leader epoch 0 matches the current leader epoch (state.change.logger)
[2022-03-16 15:32:43,032] INFO [Broker id=1] Ignoring StopReplica request (delete=false) from controller 1 with correlation id 18 epoch 2 for partition third_topic-0 since its associated leader epoch 0 matches the current leader epoch (state.change.logger)
[2022-03-16 15:32:43,032] INFO [Broker id=1] Ignoring StopReplica request (delete=false) from controller 1 with correlation id 18 epoch 2 for partition with_third_brokers-2 since its associated leader epoch 0 matches the current leader epoch (state.change.logger)
[2022-03-16 15:32:43,032] INFO [Broker id=1] Ignoring StopReplica request (delete=false) from controller 1 with correlation id 18 epoch 2 for partition with_third_brokers-1 since its associated leader epoch 0 matches the current leader epoch (state.change.logger)
[2022-03-16 15:33:18,598] INFO [Broker id=1] Add 60 partitions and deleted 0 partitions from metadata cache in response to UpdateMetadata request sent by controller 3 epoch 3 with correlation id 0 (state.change.logger)
[2022-03-16 15:33:18,613] INFO [Broker id=1] Handling LeaderAndIsr request correlationId 1 from controller 3 for 26 partitions (state.change.logger)
[2022-03-16 15:33:18,641] ERROR [Broker id=1] Received LeaderAndIsrRequest with correlation id 1 from controller 3 epoch 3 for partition __consumer_offsets-37 (last update controller epoch 3) but cannot become follower since the new leader -1 is unavailable. (state.change.logger)
[2022-03-16 15:33:18,644] ERROR [Broker id=1] Received LeaderAndIsrRequest with correlation id 1 from controller 3 epoch 3 for partition __consumer_offsets-7 (last update controller epoch 3) but cannot become follower since the new leader -1 is unavailable. (state.change.logger)
[2022-03-16 15:33:18,644] ERROR [Broker id=1] Received LeaderAndIsrRequest with correlation id 1 from controller 3 epoch 3 for partition first_topic-2 (last update controller epoch 3) but cannot become follower since the new leader -1 is unavailable. (state.change.logger)
[2022-03-16 15:33:18,644] ERROR [Broker id=1] Received LeaderAndIsrRequest with correlation id 1 from controller 3 epoch 3 for partition __consumer_offsets-22 (last update controller epoch 3) but cannot become follower since the new leader -1 is unavailable. (state.change.logger)
[2022-03-16 15:33:18,647] INFO [Broker id=1] Follower third_topic-0 starts at leader epoch 1 from offset 0 with high watermark 0. Previous leader epoch was -1. (state.change.logger)
[2022-03-16 15:33:18,647] ERROR [Broker id=1] Received LeaderAndIsrRequest with correlation id 1 from controller 3 epoch 3 for partition __consumer_offsets-10 (last update controller epoch 3) but cannot become follower since the new leader -1 is unavailable. (state.change.logger)
[2022-03-16 15:33:18,647] INFO [Broker id=1] Follower with_third_brokers-1 starts at leader epoch 1 from offset 0 with high watermark 0. Previous leader epoch was -1. (state.change.logger)
[2022-03-16 15:33:18,647] ERROR [Broker id=1] Received LeaderAndIsrRequest with correlation id 1 from controller 3 epoch 3 for partition __consumer_offsets-19 (last update controller epoch 3) but cannot become follower since the new leader -1 is unavailable. (state.change.logger)
[2022-03-16 15:33:18,647] ERROR [Broker id=1] Received LeaderAndIsrRequest with correlation id 1 from controller 3 epoch 3 for partition __consumer_offsets-34 (last update controller epoch 3) but cannot become follower since the new leader -1 is unavailable. (state.change.logger)
[2022-03-16 15:33:18,648] ERROR [Broker id=1] Received LeaderAndIsrRequest with correlation id 1 from controller 3 epoch 3 for partition __consumer_offsets-4 (last update controller epoch 3) but cannot become follower since the new leader -1 is unavailable. (state.change.logger)
[2022-03-16 15:33:18,648] ERROR [Broker id=1] Received LeaderAndIsrRequest with correlation id 1 from controller 3 epoch 3 for partition first_topic-0 (last update controller epoch 3) but cannot become follower since the new leader -1 is unavailable. (state.change.logger)
[2022-03-16 15:33:18,648] INFO [Broker id=1] Follower with_third_brokers-0 starts at leader epoch 1 from offset 0 with high watermark 0. Previous leader epoch was -1. (state.change.logger)
[2022-03-16 15:33:18,648] ERROR [Broker id=1] Received LeaderAndIsrRequest with correlation id 1 from controller 3 epoch 3 for partition __consumer_offsets-49 (last update controller epoch 3) but cannot become follower since the new leader -1 is unavailable. (state.change.logger)
[2022-03-16 15:33:18,648] INFO [Broker id=1] Follower third_topic-2 starts at leader epoch 1 from offset 0 with high watermark 0. Previous leader epoch was -1. (state.change.logger)
[2022-03-16 15:33:18,648] ERROR [Broker id=1] Received LeaderAndIsrRequest with correlation id 1 from controller 3 epoch 3 for partition __consumer_offsets-31 (last update controller epoch 3) but cannot become follower since the new leader -1 is unavailable. (state.change.logger)
[2022-03-16 15:33:18,648] ERROR [Broker id=1] Received LeaderAndIsrRequest with correlation id 1 from controller 3 epoch 3 for partition __consumer_offsets-46 (last update controller epoch 3) but cannot become follower since the new leader -1 is unavailable. (state.change.logger)
[2022-03-16 15:33:18,649] ERROR [Broker id=1] Received LeaderAndIsrRequest with correlation id 1 from controller 3 epoch 3 for partition __consumer_offsets-1 (last update controller epoch 3) but cannot become follower since the new leader -1 is unavailable. (state.change.logger)
[2022-03-16 15:33:18,649] ERROR [Broker id=1] Received LeaderAndIsrRequest with correlation id 1 from controller 3 epoch 3 for partition __consumer_offsets-16 (last update controller epoch 3) but cannot become follower since the new leader -1 is unavailable. (state.change.logger)
[2022-03-16 15:33:18,649] ERROR [Broker id=1] Received LeaderAndIsrRequest with correlation id 1 from controller 3 epoch 3 for partition first_topic-1 (last update controller epoch 3) but cannot become follower since the new leader -1 is unavailable. (state.change.logger)
[2022-03-16 15:33:18,649] ERROR [Broker id=1] Received LeaderAndIsrRequest with correlation id 1 from controller 3 epoch 3 for partition __consumer_offsets-25 (last update controller epoch 3) but cannot become follower since the new leader -1 is unavailable. (state.change.logger)
[2022-03-16 15:33:18,649] ERROR [Broker id=1] Received LeaderAndIsrRequest with correlation id 1 from controller 3 epoch 3 for partition __consumer_offsets-40 (last update controller epoch 3) but cannot become follower since the new leader -1 is unavailable. (state.change.logger)
[2022-03-16 15:33:18,649] INFO [Broker id=1] Follower third_topic-1 starts at leader epoch 1 from offset 0 with high watermark 0. Previous leader epoch was -1. (state.change.logger)
[2022-03-16 15:33:18,649] ERROR [Broker id=1] Received LeaderAndIsrRequest with correlation id 1 from controller 3 epoch 3 for partition __consumer_offsets-43 (last update controller epoch 3) but cannot become follower since the new leader -1 is unavailable. (state.change.logger)
[2022-03-16 15:33:18,649] ERROR [Broker id=1] Received LeaderAndIsrRequest with correlation id 1 from controller 3 epoch 3 for partition __consumer_offsets-13 (last update controller epoch 3) but cannot become follower since the new leader -1 is unavailable. (state.change.logger)
[2022-03-16 15:33:18,649] ERROR [Broker id=1] Received LeaderAndIsrRequest with correlation id 1 from controller 3 epoch 3 for partition __consumer_offsets-28 (last update controller epoch 3) but cannot become follower since the new leader -1 is unavailable. (state.change.logger)
[2022-03-16 15:33:18,649] INFO [Broker id=1] Follower with_third_brokers-2 starts at leader epoch 1 from offset 0 with high watermark 0. Previous leader epoch was -1. (state.change.logger)
[2022-03-16 15:33:18,651] INFO [Broker id=1] Stopped fetchers as part of become-follower request from controller 3 epoch 3 with correlation id 1 for 6 partitions (state.change.logger)
[2022-03-16 15:33:18,689] INFO [Broker id=1] Finished LeaderAndIsr request in 76ms correlationId 1 from controller 3 for 26 partitions (state.change.logger)
[2022-03-16 15:33:18,697] INFO [Broker id=1] Add 26 partitions and deleted 0 partitions from metadata cache in response to UpdateMetadata request sent by controller 3 epoch 3 with correlation id 2 (state.change.logger)
[2022-03-16 15:33:18,699] INFO [Broker id=1] Handling LeaderAndIsr request correlationId 3 from controller 3 for 20 partitions (state.change.logger)
[2022-03-16 15:33:18,707] INFO [Broker id=1] Stopped fetchers as part of LeaderAndIsr request correlationId 3 from controller 3 epoch 3 as part of the become-leader transition for 20 partitions (state.change.logger)
[2022-03-16 15:33:18,711] INFO [Broker id=1] Leader __consumer_offsets-37 starts at leader epoch 2 from offset 0 with high watermark 0 ISR [1] addingReplicas [] removingReplicas []. Previous leader epoch was -1. (state.change.logger)
[2022-03-16 15:33:18,726] INFO [Broker id=1] Leader __consumer_offsets-7 starts at leader epoch 2 from offset 0 with high watermark 0 ISR [1] addingReplicas [] removingReplicas []. Previous leader epoch was -1. (state.change.logger)
[2022-03-16 15:33:18,734] INFO [Broker id=1] Leader first_topic-2 starts at leader epoch 2 from offset 0 with high watermark 0 ISR [1] addingReplicas [] removingReplicas []. Previous leader epoch was -1. (state.change.logger)
[2022-03-16 15:33:18,741] INFO [Broker id=1] Leader __consumer_offsets-22 starts at leader epoch 2 from offset 0 with high watermark 0 ISR [1] addingReplicas [] removingReplicas []. Previous leader epoch was -1. (state.change.logger)
[2022-03-16 15:33:18,748] INFO [Broker id=1] Leader __consumer_offsets-10 starts at leader epoch 2 from offset 0 with high watermark 0 ISR [1] addingReplicas [] removingReplicas []. Previous leader epoch was -1. (state.change.logger)
[2022-03-16 15:33:18,756] INFO [Broker id=1] Leader __consumer_offsets-31 starts at leader epoch 2 from offset 0 with high watermark 0 ISR [1] addingReplicas [] removingReplicas []. Previous leader epoch was -1. (state.change.logger)
[2022-03-16 15:33:18,764] INFO [Broker id=1] Leader __consumer_offsets-46 starts at leader epoch 2 from offset 0 with high watermark 0 ISR [1] addingReplicas [] removingReplicas []. Previous leader epoch was -1. (state.change.logger)
[2022-03-16 15:33:18,771] INFO [Broker id=1] Leader __consumer_offsets-1 starts at leader epoch 2 from offset 0 with high watermark 0 ISR [1] addingReplicas [] removingReplicas []. Previous leader epoch was -1. (state.change.logger)
[2022-03-16 15:33:18,778] INFO [Broker id=1] Leader __consumer_offsets-16 starts at leader epoch 2 from offset 0 with high watermark 0 ISR [1] addingReplicas [] removingReplicas []. Previous leader epoch was -1. (state.change.logger)
[2022-03-16 15:33:18,784] INFO [Broker id=1] Leader __consumer_offsets-19 starts at leader epoch 2 from offset 0 with high watermark 0 ISR [1] addingReplicas [] removingReplicas []. Previous leader epoch was -1. (state.change.logger)
[2022-03-16 15:33:18,791] INFO [Broker id=1] Leader __consumer_offsets-34 starts at leader epoch 2 from offset 0 with high watermark 0 ISR [1] addingReplicas [] removingReplicas []. Previous leader epoch was -1. (state.change.logger)
[2022-03-16 15:33:18,797] INFO [Broker id=1] Leader __consumer_offsets-4 starts at leader epoch 2 from offset 0 with high watermark 0 ISR [1] addingReplicas [] removingReplicas []. Previous leader epoch was -1. (state.change.logger)
[2022-03-16 15:33:18,804] INFO [Broker id=1] Leader first_topic-1 starts at leader epoch 2 from offset 0 with high watermark 0 ISR [1] addingReplicas [] removingReplicas []. Previous leader epoch was -1. (state.change.logger)
[2022-03-16 15:33:18,809] INFO [Broker id=1] Leader __consumer_offsets-25 starts at leader epoch 2 from offset 0 with high watermark 0 ISR [1] addingReplicas [] removingReplicas []. Previous leader epoch was -1. (state.change.logger)
[2022-03-16 15:33:18,816] INFO [Broker id=1] Leader __consumer_offsets-40 starts at leader epoch 2 from offset 0 with high watermark 0 ISR [1] addingReplicas [] removingReplicas []. Previous leader epoch was -1. (state.change.logger)
[2022-03-16 15:33:18,822] INFO [Broker id=1] Leader __consumer_offsets-43 starts at leader epoch 2 from offset 0 with high watermark 0 ISR [1] addingReplicas [] removingReplicas []. Previous leader epoch was -1. (state.change.logger)
[2022-03-16 15:33:18,828] INFO [Broker id=1] Leader __consumer_offsets-13 starts at leader epoch 2 from offset 0 with high watermark 0 ISR [1] addingReplicas [] removingReplicas []. Previous leader epoch was -1. (state.change.logger)
[2022-03-16 15:33:18,834] INFO [Broker id=1] Leader first_topic-0 starts at leader epoch 2 from offset 0 with high watermark 0 ISR [1] addingReplicas [] removingReplicas []. Previous leader epoch was -1. (state.change.logger)
[2022-03-16 15:33:18,841] INFO [Broker id=1] Leader __consumer_offsets-28 starts at leader epoch 2 from offset 0 with high watermark 0 ISR [1] addingReplicas [] removingReplicas []. Previous leader epoch was -1. (state.change.logger)
[2022-03-16 15:33:18,847] INFO [Broker id=1] Leader __consumer_offsets-49 starts at leader epoch 2 from offset 0 with high watermark 0 ISR [1] addingReplicas [] removingReplicas []. Previous leader epoch was -1. (state.change.logger)
[2022-03-16 15:33:18,864] INFO [Broker id=1] Finished LeaderAndIsr request in 164ms correlationId 3 from controller 3 for 20 partitions (state.change.logger)
[2022-03-16 15:33:18,867] INFO [Broker id=1] Add 20 partitions and deleted 0 partitions from metadata cache in response to UpdateMetadata request sent by controller 3 epoch 3 with correlation id 4 (state.change.logger)
[2022-03-16 15:33:18,870] INFO [Broker id=1] Add 1 partitions and deleted 0 partitions from metadata cache in response to UpdateMetadata request sent by controller 3 epoch 3 with correlation id 5 (state.change.logger)
[2022-03-16 15:33:18,874] INFO [Broker id=1] Add 1 partitions and deleted 0 partitions from metadata cache in response to UpdateMetadata request sent by controller 3 epoch 3 with correlation id 6 (state.change.logger)
[2022-03-16 15:33:18,878] INFO [Broker id=1] Add 2 partitions and deleted 0 partitions from metadata cache in response to UpdateMetadata request sent by controller 3 epoch 3 with correlation id 7 (state.change.logger)
[2022-03-16 15:33:18,882] INFO [Broker id=1] Add 2 partitions and deleted 0 partitions from metadata cache in response to UpdateMetadata request sent by controller 3 epoch 3 with correlation id 8 (state.change.logger)
